30-Nov-2024 16:31:29.045 SEVERE [http-nio-9844-exec-3] org.apache.catalina.core.StandardWrapperValve.invoke Servlet.service() for servlet [FacesServlet] in context with path [/demo] threw exception [Method not found: class Beans.frontEnd.SearchBean.getGoodGuys()] with root cause
	jakarta.el.MethodNotFoundException: Method not found: class Beans.frontEnd.SearchBean.getGoodGuys()
		at jakarta.el.Util.findWrapper(Util.java:389)
		at jakarta.el.Util.findMethod(Util.java:233)
		at jakarta.el.BeanELResolver.invoke(BeanELResolver.java:151)
		at jakarta.el.CompositeELResolver.invoke(CompositeELResolver.java:122)
		at org.apache.el.parser.AstValue.getValue(AstValue.java:152)
		at org.apache.el.ValueExpressionImpl.getValue(ValueExpressionImpl.java:152)
		at org.jboss.weld.module.web.el.WeldValueExpression.getValue(WeldValueExpression.java:50)
		at com.sun.faces.facelets.el.ELText$ELTextVariable.toString(ELText.java:201)
		at com.sun.faces.facelets.el.ELText$ELTextComposite.toString(ELText.java:130)
		at com.sun.faces.facelets.compiler.CommentInstruction.write(CommentInstruction.java:37)
		at com.sun.faces.facelets.compiler.UIInstructions.encodeBegin(UIInstructions.java:42)
		at com.sun.faces.facelets.compiler.UILeaf.encodeAll(UILeaf.java:170)
		at jakarta.faces.render.Renderer.encodeChildren(Renderer.java:141)
		at jakarta.faces.component.UIComponentBase.encodeChildren(UIComponentBase.java:558)
		at jakarta.faces.component.UIComponent.encodeAll(UIComponent.java:1453)
		at jakarta.faces.component.UIComponent.encodeAll(UIComponent.java:1456)
		at jakarta.faces.component.UIComponent.encodeAll(UIComponent.java:1456)
		at com.sun.faces.application.view.FaceletViewHandlingStrategy.renderView(FaceletViewHandlingStrategy.java:451)
		at com.sun.faces.application.view.MultiViewHandler.renderView(MultiViewHandler.java:164)
		at jakarta.faces.application.ViewHandlerWrapper.renderView(ViewHandlerWrapper.java:125)
		at com.sun.faces.lifecycle.RenderResponsePhase.execute(RenderResponsePhase.java:93)
		at com.sun.faces.lifecycle.Phase.doPhase(Phase.java:72)
		at com.sun.faces.lifecycle.LifecycleImpl.render(LifecycleImpl.java:178)
		at jakarta.faces.webapp.FacesServlet.executeLifecyle(FacesServlet.java:682)
		at jakarta.faces.webapp.FacesServlet.service(FacesServlet.java:437)
		at org.apache.catalina.core.ApplicationFilterChain.internalDoFilter(ApplicationFilterChain.java:195)
		at org.apache.catalina.core.ApplicationFilterChain.doFilter(ApplicationFilterChain.java:140)
		at org.apache.tomcat.websocket.server.WsFilter.doFilter(WsFilter.java:51)
		at org.apache.catalina.core.ApplicationFilterChain.internalDoFilter(ApplicationFilterChain.java:164)
		at org.apache.catalina.core.ApplicationFilterChain.doFilter(ApplicationFilterChain.java:140)
		at org.apache.catalina.core.StandardWrapperValve.invoke(StandardWrapperValve.java:167)
		at org.apache.catalina.core.StandardContextValve.invoke(StandardContextValve.java:90)
		at org.apache.catalina.authenticator.AuthenticatorBase.invoke(AuthenticatorBase.java:483)
		at org.apache.catalina.core.StandardHostValve.invoke(StandardHostValve.java:115)
		at org.apache.catalina.valves.ErrorReportValve.invoke(ErrorReportValve.java:93)
		at org.apache.catalina.valves.AbstractAccessLogValve.invoke(AbstractAccessLogValve.java:663)
		at org.apache.catalina.core.StandardEngineValve.invoke(StandardEngineValve.java:74)
		at org.apache.catalina.connector.CoyoteAdapter.service(CoyoteAdapter.java:344)
		at org.apache.coyote.http11.Http11Processor.service(Http11Processor.java:384)
		at org.apache.coyote.AbstractProcessorLight.process(AbstractProcessorLight.java:63)
		at org.apache.coyote.AbstractProtocol$ConnectionHandler.process(AbstractProtocol.java:905)
		at org.apache.tomcat.util.net.NioEndpoint$SocketProcessor.doRun(NioEndpoint.java:1741)
		at org.apache.tomcat.util.net.SocketProcessorBase.run(SocketProcessorBase.java:52)
		at org.apache.tomcat.util.threads.ThreadPoolExecutor.runWorker(ThreadPoolExecutor.java:1190)
		at org.apache.tomcat.util.threads.ThreadPoolExecutor$Worker.run(ThreadPoolExecutor.java:659)
		at org.apache.tomcat.util.threads.TaskThread$WrappingRunnable.run(TaskThread.java:63)
		at java.base/java.lang.Thread.run(Thread.java:834)
30-Nov-2024 16:32:11.834 SEVERE [http-nio-9844-exec-3] org.apache.catalina.core.StandardWrapperValve.invoke Servlet.service() for servlet [FacesServlet] in context with path [/demo] threw exception [RESTEASY003145: Unable to find a MessageBodyReader of content-type application/json and type interface java.util.List] with root cause
	jakarta.ws.rs.ProcessingException: RESTEASY003145: Unable to find a MessageBodyReader of content-type application/json and type interface java.util.List
		at org.jboss.resteasy.core.interception.jaxrs.ClientReaderInterceptorContext.throwReaderNotFound(ClientReaderInterceptorContext.java:46)
		at org.jboss.resteasy.core.interception.jaxrs.AbstractReaderInterceptorContext.getReader(AbstractReaderInterceptorContext.java:129)
		at org.jboss.resteasy.core.interception.jaxrs.AbstractReaderInterceptorContext.proceed(AbstractReaderInterceptorContext.java:76)
		at org.jboss.resteasy.client.jaxrs.internal.ClientResponse.readFrom(ClientResponse.java:192)
		at org.jboss.resteasy.specimpl.BuiltResponse.readEntity(BuiltResponse.java:75)
		at org.jboss.resteasy.specimpl.AbstractBuiltResponse.readEntity(AbstractBuiltResponse.java:227)
		at org.jboss.resteasy.client.jaxrs.internal.ClientInvocation.extractResult(ClientInvocation.java:164)
		at org.jboss.resteasy.client.jaxrs.internal.proxy.extractors.BodyEntityExtractor.extractEntity(BodyEntityExtractor.java:59)
		at org.jboss.resteasy.client.jaxrs.internal.proxy.ClientInvoker.invokeSync(ClientInvoker.java:136)
		at org.jboss.resteasy.client.jaxrs.internal.proxy.ClientInvoker.invoke(ClientInvoker.java:103)
		at org.jboss.resteasy.client.jaxrs.internal.proxy.ClientProxy.invoke(ClientProxy.java:61)
		at com.sun.proxy.$Proxy67.getGoodGuys(Unknown Source)
		at java.base/jdk.internal.reflect.NativeMethodAccessorImpl.invoke0(Native Method)
		at java.base/jdk.internal.reflect.NativeMethodAccessorImpl.invoke(NativeMethodAccessorImpl.java:62)
		at java.base/jdk.internal.reflect.DelegatingMethodAccessorImpl.invoke(DelegatingMethodAccessorImpl.java:43)
		at java.base/java.lang.reflect.Method.invoke(Method.java:566)
		at org.jboss.resteasy.microprofile.client.ProxyInvocationHandler.invoke(ProxyInvocationHandler.java:140)
		at com.sun.proxy.$Proxy68.getGoodGuys(Unknown Source)
		at Beans.frontEnd.SearchBean.getGoodGuys(SearchBean.java:31)
		at java.base/jdk.internal.reflect.NativeMethodAccessorImpl.invoke0(Native Method)
		at java.base/jdk.internal.reflect.NativeMethodAccessorImpl.invoke(NativeMethodAccessorImpl.java:62)
		at java.base/jdk.internal.reflect.DelegatingMethodAccessorImpl.invoke(DelegatingMethodAccessorImpl.java:43)
		at java.base/java.lang.reflect.Method.invoke(Method.java:566)
		at jakarta.el.BeanELResolver.invoke(BeanELResolver.java:158)
		at jakarta.el.CompositeELResolver.invoke(CompositeELResolver.java:122)
		at org.apache.el.parser.AstValue.getValue(AstValue.java:152)
		at org.apache.el.ValueExpressionImpl.getValue(ValueExpressionImpl.java:152)
		at org.jboss.weld.module.web.el.WeldValueExpression.getValue(WeldValueExpression.java:50)
		at com.sun.faces.facelets.el.ELText$ELTextVariable.toString(ELText.java:201)
		at com.sun.faces.facelets.el.ELText$ELTextComposite.toString(ELText.java:130)
		at com.sun.faces.facelets.compiler.CommentInstruction.write(CommentInstruction.java:37)
		at com.sun.faces.facelets.compiler.UIInstructions.encodeBegin(UIInstructions.java:42)
		at com.sun.faces.facelets.compiler.UILeaf.encodeAll(UILeaf.java:170)
		at jakarta.faces.render.Renderer.encodeChildren(Renderer.java:141)
		at jakarta.faces.component.UIComponentBase.encodeChildren(UIComponentBase.java:558)
		at jakarta.faces.component.UIComponent.encodeAll(UIComponent.java:1453)
		at jakarta.faces.component.UIComponent.encodeAll(UIComponent.java:1456)
		at jakarta.faces.component.UIComponent.encodeAll(UIComponent.java:1456)
		at com.sun.faces.application.view.FaceletViewHandlingStrategy.renderView(FaceletViewHandlingStrategy.java:451)
		at com.sun.faces.application.view.MultiViewHandler.renderView(MultiViewHandler.java:164)
		at jakarta.faces.application.ViewHandlerWrapper.renderView(ViewHandlerWrapper.java:125)
		at com.sun.faces.lifecycle.RenderResponsePhase.execute(RenderResponsePhase.java:93)
		at com.sun.faces.lifecycle.Phase.doPhase(Phase.java:72)
		at com.sun.faces.lifecycle.LifecycleImpl.render(LifecycleImpl.java:178)
		at jakarta.faces.webapp.FacesServlet.executeLifecyle(FacesServlet.java:682)
		at jakarta.faces.webapp.FacesServlet.service(FacesServlet.java:437)
		at org.apache.catalina.core.ApplicationFilterChain.internalDoFilter(ApplicationFilterChain.java:195)
		at org.apache.catalina.core.ApplicationFilterChain.doFilter(ApplicationFilterChain.java:140)
		at org.apache.tomcat.websocket.server.WsFilter.doFilter(WsFilter.java:51)
		at org.apache.catalina.core.ApplicationFilterChain.internalDoFilter(ApplicationFilterChain.java:164)
		at org.apache.catalina.core.ApplicationFilterChain.doFilter(ApplicationFilterChain.java:140)
		at org.apache.catalina.core.StandardWrapperValve.invoke(StandardWrapperValve.java:167)
		at org.apache.catalina.core.StandardContextValve.invoke(StandardContextValve.java:90)
		at org.apache.catalina.authenticator.AuthenticatorBase.invoke(AuthenticatorBase.java:483)
		at org.apache.catalina.core.StandardHostValve.invoke(StandardHostValve.java:115)
		at org.apache.catalina.valves.ErrorReportValve.invoke(ErrorReportValve.java:93)
		at org.apache.catalina.valves.AbstractAccessLogValve.invoke(AbstractAccessLogValve.java:663)
		at org.apache.catalina.core.StandardEngineValve.invoke(StandardEngineValve.java:74)
		at org.apache.catalina.connector.CoyoteAdapter.service(CoyoteAdapter.java:344)
		at org.apache.coyote.http11.Http11Processor.service(Http11Processor.java:384)
		at org.apache.coyote.AbstractProcessorLight.process(AbstractProcessorLight.java:63)
		at org.apache.coyote.AbstractProtocol$ConnectionHandler.process(AbstractProtocol.java:905)
		at org.apache.tomcat.util.net.NioEndpoint$SocketProcessor.doRun(NioEndpoint.java:1741)
		at org.apache.tomcat.util.net.SocketProcessorBase.run(SocketProcessorBase.java:52)
		at org.apache.tomcat.util.threads.ThreadPoolExecutor.runWorker(ThreadPoolExecutor.java:1190)
		at org.apache.tomcat.util.threads.ThreadPoolExecutor$Worker.run(ThreadPoolExecutor.java:659)
		at org.apache.tomcat.util.threads.TaskThread$WrappingRunnable.run(TaskThread.java:63)
		at java.base/java.lang.Thread.run(Thread.java:834)
30-Nov-2024 18:36:37.247 SEVERE [http-nio-9844-exec-1] org.apache.catalina.core.StandardWrapperValve.invoke Servlet.service() for servlet [FacesServlet] in context with path [/demo] threw exception [Cannot find component for expression "messages" referenced from "mainForm:j_idt8".] with root cause
	org.primefaces.expression.ComponentNotFoundException: Cannot find component for expression "messages" referenced from "mainForm:j_idt8".
		at org.primefaces.expression.SearchExpressionFacade.cannotFindComponent(SearchExpressionFacade.java:729)
		at org.primefaces.expression.SearchExpressionFacade.resolveClientIds(SearchExpressionFacade.java:263)
		at org.primefaces.util.AjaxRequestBuilder.addExpressions(AjaxRequestBuilder.java:164)
		at org.primefaces.util.AjaxRequestBuilder.update(AjaxRequestBuilder.java:157)
		at org.primefaces.renderkit.CoreRenderer.preConfiguredAjaxRequestBuilder(CoreRenderer.java:455)
		at org.primefaces.renderkit.CoreRenderer.buildAjaxRequest(CoreRenderer.java:476)
		at org.primefaces.renderkit.CoreRenderer.buildAjaxRequest(CoreRenderer.java:472)
		at org.primefaces.component.commandbutton.CommandButtonRenderer.buildRequest(CommandButtonRenderer.java:148)
		at org.primefaces.component.commandbutton.CommandButtonRenderer.encodeMarkup(CommandButtonRenderer.java:78)
		at org.primefaces.component.commandbutton.CommandButtonRenderer.encodeEnd(CommandButtonRenderer.java:63)
		at jakarta.faces.component.UIComponentBase.encodeEnd(UIComponentBase.java:587)
		at org.primefaces.renderkit.CoreRenderer.renderChild(CoreRenderer.java:85)
		at org.primefaces.renderkit.CoreRenderer.renderChildren(CoreRenderer.java:67)
		at org.primefaces.component.panel.PanelRenderer.encodeContent(PanelRenderer.java:219)
		at org.primefaces.component.panel.PanelRenderer.encodeMarkup(PanelRenderer.java:132)
		at org.primefaces.component.panel.PanelRenderer.encodeEnd(PanelRenderer.java:68)
		at jakarta.faces.component.UIComponentBase.encodeEnd(UIComponentBase.java:587)
		at jakarta.faces.component.UIComponent.encodeAll(UIComponent.java:1460)
		at jakarta.faces.render.Renderer.encodeChildren(Renderer.java:141)
		at jakarta.faces.component.UIComponentBase.encodeChildren(UIComponentBase.java:558)
		at jakarta.faces.component.UIComponent.encodeAll(UIComponent.java:1453)
		at jakarta.faces.component.UIComponent.encodeAll(UIComponent.java:1456)
		at jakarta.faces.component.UIComponent.encodeAll(UIComponent.java:1456)
		at com.sun.faces.application.view.FaceletViewHandlingStrategy.renderView(FaceletViewHandlingStrategy.java:451)
		at com.sun.faces.application.view.MultiViewHandler.renderView(MultiViewHandler.java:164)
		at jakarta.faces.application.ViewHandlerWrapper.renderView(ViewHandlerWrapper.java:125)
		at com.sun.faces.lifecycle.RenderResponsePhase.execute(RenderResponsePhase.java:93)
		at com.sun.faces.lifecycle.Phase.doPhase(Phase.java:72)
		at com.sun.faces.lifecycle.LifecycleImpl.render(LifecycleImpl.java:178)
		at jakarta.faces.webapp.FacesServlet.executeLifecyle(FacesServlet.java:682)
		at jakarta.faces.webapp.FacesServlet.service(FacesServlet.java:437)
		at org.apache.catalina.core.ApplicationFilterChain.internalDoFilter(ApplicationFilterChain.java:195)
		at org.apache.catalina.core.ApplicationFilterChain.doFilter(ApplicationFilterChain.java:140)
		at org.apache.tomcat.websocket.server.WsFilter.doFilter(WsFilter.java:51)
		at org.apache.catalina.core.ApplicationFilterChain.internalDoFilter(ApplicationFilterChain.java:164)
		at org.apache.catalina.core.ApplicationFilterChain.doFilter(ApplicationFilterChain.java:140)
		at org.apache.catalina.core.StandardWrapperValve.invoke(StandardWrapperValve.java:167)
		at org.apache.catalina.core.StandardContextValve.invoke(StandardContextValve.java:90)
		at org.apache.catalina.authenticator.AuthenticatorBase.invoke(AuthenticatorBase.java:483)
		at org.apache.catalina.core.StandardHostValve.invoke(StandardHostValve.java:115)
		at org.apache.catalina.valves.ErrorReportValve.invoke(ErrorReportValve.java:93)
		at org.apache.catalina.valves.AbstractAccessLogValve.invoke(AbstractAccessLogValve.java:663)
		at org.apache.catalina.core.StandardEngineValve.invoke(StandardEngineValve.java:74)
		at org.apache.catalina.connector.CoyoteAdapter.service(CoyoteAdapter.java:344)
		at org.apache.coyote.http11.Http11Processor.service(Http11Processor.java:384)
		at org.apache.coyote.AbstractProcessorLight.process(AbstractProcessorLight.java:63)
		at org.apache.coyote.AbstractProtocol$ConnectionHandler.process(AbstractProtocol.java:905)
		at org.apache.tomcat.util.net.NioEndpoint$SocketProcessor.doRun(NioEndpoint.java:1741)
		at org.apache.tomcat.util.net.SocketProcessorBase.run(SocketProcessorBase.java:52)
		at org.apache.tomcat.util.threads.ThreadPoolExecutor.runWorker(ThreadPoolExecutor.java:1190)
		at org.apache.tomcat.util.threads.ThreadPoolExecutor$Worker.run(ThreadPoolExecutor.java:659)
		at org.apache.tomcat.util.threads.TaskThread$WrappingRunnable.run(TaskThread.java:63)
		at java.base/java.lang.Thread.run(Thread.java:834)
30-Nov-2024 18:53:14.396 SEVERE [http-nio-9844-exec-4] org.apache.catalina.core.StandardWrapperValve.invoke Servlet.service() for servlet [FacesServlet] in context with path [/demo] threw exception [Neither baseUri nor baseUrl was specified] with root cause
	java.lang.IllegalStateException: Neither baseUri nor baseUrl was specified
		at org.jboss.resteasy.microprofile.client.RestClientBuilderImpl.build(RestClientBuilderImpl.java:253)
		at org.jboss.resteasy.microprofile.client.RestClientBuilderImpl.build(RestClientBuilderImpl.java:395)
		at org.jboss.resteasy.microprofile.client.RestClientDelegateBean.create(RestClientDelegateBean.java:164)
		at org.jboss.weld.contexts.unbound.DependentContextImpl.get(DependentContextImpl.java:64)
		at org.jboss.weld.bean.ContextualInstanceStrategy$DefaultContextualInstanceStrategy.get(ContextualInstanceStrategy.java:100)
		at org.jboss.weld.bean.ContextualInstance.get(ContextualInstance.java:50)
		at org.jboss.weld.manager.BeanManagerImpl.getReference(BeanManagerImpl.java:694)
		at org.jboss.weld.manager.BeanManagerImpl.getInjectableReference(BeanManagerImpl.java:794)
		at org.jboss.weld.injection.FieldInjectionPoint.inject(FieldInjectionPoint.java:92)
		at org.jboss.weld.util.Beans.injectBoundFields(Beans.java:345)
		at org.jboss.weld.util.Beans.injectFieldsAndInitializers(Beans.java:356)
		at org.jboss.weld.injection.producer.ResourceInjector$1.proceed(ResourceInjector.java:69)
		at org.jboss.weld.injection.InjectionContextImpl.run(InjectionContextImpl.java:48)
		at org.jboss.weld.injection.producer.ResourceInjector.inject(ResourceInjector.java:71)
		at org.jboss.weld.injection.producer.BasicInjectionTarget.inject(BasicInjectionTarget.java:117)
		at org.jboss.weld.bean.ManagedBean.create(ManagedBean.java:161)
		at org.jboss.weld.contexts.AbstractContext.get(AbstractContext.java:96)
		at org.jboss.weld.bean.ContextualInstanceStrategy$DefaultContextualInstanceStrategy.get(ContextualInstanceStrategy.java:100)
		at org.jboss.weld.bean.ContextualInstanceStrategy$CachingContextualInstanceStrategy.get(ContextualInstanceStrategy.java:177)
		at org.jboss.weld.bean.ContextualInstance.get(ContextualInstance.java:50)
		at org.jboss.weld.manager.BeanManagerImpl.getReference(BeanManagerImpl.java:694)
		at org.jboss.weld.module.web.el.AbstractWeldELResolver.lookup(AbstractWeldELResolver.java:107)
		at org.jboss.weld.module.web.el.AbstractWeldELResolver.getValue(AbstractWeldELResolver.java:90)
		at org.jboss.weld.environment.servlet.util.ForwardingELResolver.getValue(ForwardingELResolver.java:49)
		at jakarta.el.CompositeELResolver.getValue(CompositeELResolver.java:109)
		at com.sun.faces.el.DemuxCompositeELResolver._getValue(DemuxCompositeELResolver.java:139)
		at com.sun.faces.el.DemuxCompositeELResolver.getValue(DemuxCompositeELResolver.java:164)
		at org.apache.el.parser.AstIdentifier.getValue(AstIdentifier.java:94)
		at org.apache.el.parser.AstValue.getValue(AstValue.java:134)
		at org.apache.el.ValueExpressionImpl.getValue(ValueExpressionImpl.java:152)
		at org.jboss.weld.module.web.el.WeldValueExpression.getValue(WeldValueExpression.java:50)
		at com.sun.faces.facelets.el.TagValueExpression.getValue(TagValueExpression.java:73)
		at jakarta.faces.component.ComponentStateHelper.eval(ComponentStateHelper.java:188)
		at jakarta.faces.component.ComponentStateHelper.eval(ComponentStateHelper.java:175)
		at jakarta.faces.component.UIOutput.getValue(UIOutput.java:134)
		at jakarta.faces.component.UIInput.getValue(UIInput.java:289)
		at org.primefaces.util.ComponentUtils.getValueToRender(ComponentUtils.java:102)
		at org.primefaces.util.ComponentUtils.getValueToRender(ComponentUtils.java:66)
		at org.primefaces.component.inputtext.InputTextRenderer.encodeMarkup(InputTextRenderer.java:97)
		at org.primefaces.component.inputtext.InputTextRenderer.encodeEnd(InputTextRenderer.java:67)
		at jakarta.faces.component.UIComponentBase.encodeEnd(UIComponentBase.java:587)
		at org.primefaces.renderkit.CoreRenderer.renderChild(CoreRenderer.java:85)
		at org.primefaces.renderkit.CoreRenderer.renderChildren(CoreRenderer.java:67)
		at org.primefaces.component.panel.PanelRenderer.encodeContent(PanelRenderer.java:219)
		at org.primefaces.component.panel.PanelRenderer.encodeMarkup(PanelRenderer.java:132)
		at org.primefaces.component.panel.PanelRenderer.encodeEnd(PanelRenderer.java:68)
		at jakarta.faces.component.UIComponentBase.encodeEnd(UIComponentBase.java:587)
		at jakarta.faces.component.UIComponent.encodeAll(UIComponent.java:1460)
		at jakarta.faces.render.Renderer.encodeChildren(Renderer.java:141)
		at jakarta.faces.component.UIComponentBase.encodeChildren(UIComponentBase.java:558)
		at jakarta.faces.component.UIComponent.encodeAll(UIComponent.java:1453)
		at jakarta.faces.component.UIComponent.encodeAll(UIComponent.java:1456)
		at jakarta.faces.component.UIComponent.encodeAll(UIComponent.java:1456)
		at com.sun.faces.application.view.FaceletViewHandlingStrategy.renderView(FaceletViewHandlingStrategy.java:451)
		at com.sun.faces.application.view.MultiViewHandler.renderView(MultiViewHandler.java:164)
		at jakarta.faces.application.ViewHandlerWrapper.renderView(ViewHandlerWrapper.java:125)
		at com.sun.faces.lifecycle.RenderResponsePhase.execute(RenderResponsePhase.java:93)
		at com.sun.faces.lifecycle.Phase.doPhase(Phase.java:72)
		at com.sun.faces.lifecycle.LifecycleImpl.render(LifecycleImpl.java:178)
		at jakarta.faces.webapp.FacesServlet.executeLifecyle(FacesServlet.java:682)
		at jakarta.faces.webapp.FacesServlet.service(FacesServlet.java:437)
		at org.apache.catalina.core.ApplicationFilterChain.internalDoFilter(ApplicationFilterChain.java:195)
		at org.apache.catalina.core.ApplicationFilterChain.doFilter(ApplicationFilterChain.java:140)
		at org.apache.tomcat.websocket.server.WsFilter.doFilter(WsFilter.java:51)
		at org.apache.catalina.core.ApplicationFilterChain.internalDoFilter(ApplicationFilterChain.java:164)
		at org.apache.catalina.core.ApplicationFilterChain.doFilter(ApplicationFilterChain.java:140)
		at org.apache.catalina.core.StandardWrapperValve.invoke(StandardWrapperValve.java:167)
		at org.apache.catalina.core.StandardContextValve.invoke(StandardContextValve.java:90)
		at org.apache.catalina.authenticator.AuthenticatorBase.invoke(AuthenticatorBase.java:483)
		at org.apache.catalina.core.StandardHostValve.invoke(StandardHostValve.java:115)
		at org.apache.catalina.valves.ErrorReportValve.invoke(ErrorReportValve.java:93)
		at org.apache.catalina.valves.AbstractAccessLogValve.invoke(AbstractAccessLogValve.java:663)
		at org.apache.catalina.core.StandardEngineValve.invoke(StandardEngineValve.java:74)
		at org.apache.catalina.connector.CoyoteAdapter.service(CoyoteAdapter.java:344)
		at org.apache.coyote.http11.Http11Processor.service(Http11Processor.java:384)
		at org.apache.coyote.AbstractProcessorLight.process(AbstractProcessorLight.java:63)
		at org.apache.coyote.AbstractProtocol$ConnectionHandler.process(AbstractProtocol.java:905)
		at org.apache.tomcat.util.net.NioEndpoint$SocketProcessor.doRun(NioEndpoint.java:1741)
		at org.apache.tomcat.util.net.SocketProcessorBase.run(SocketProcessorBase.java:52)
		at org.apache.tomcat.util.threads.ThreadPoolExecutor.runWorker(ThreadPoolExecutor.java:1190)
		at org.apache.tomcat.util.threads.ThreadPoolExecutor$Worker.run(ThreadPoolExecutor.java:659)
		at org.apache.tomcat.util.threads.TaskThread$WrappingRunnable.run(TaskThread.java:63)
		at java.base/java.lang.Thread.run(Thread.java:834)
30-Nov-2024 18:54:13.787 SEVERE [http-nio-9844-exec-2] org.apache.catalina.core.StandardWrapperValve.invoke Servlet.service() for servlet [FacesServlet] in context with path [/demo] threw exception [Neither baseUri nor baseUrl was specified] with root cause
	java.lang.IllegalStateException: Neither baseUri nor baseUrl was specified
		at org.jboss.resteasy.microprofile.client.RestClientBuilderImpl.build(RestClientBuilderImpl.java:253)
		at org.jboss.resteasy.microprofile.client.RestClientBuilderImpl.build(RestClientBuilderImpl.java:395)
		at org.jboss.resteasy.microprofile.client.RestClientDelegateBean.create(RestClientDelegateBean.java:164)
		at org.jboss.weld.contexts.unbound.DependentContextImpl.get(DependentContextImpl.java:64)
		at org.jboss.weld.bean.ContextualInstanceStrategy$DefaultContextualInstanceStrategy.get(ContextualInstanceStrategy.java:100)
		at org.jboss.weld.bean.ContextualInstance.get(ContextualInstance.java:50)
		at org.jboss.weld.manager.BeanManagerImpl.getReference(BeanManagerImpl.java:694)
		at org.jboss.weld.manager.BeanManagerImpl.getInjectableReference(BeanManagerImpl.java:794)
		at org.jboss.weld.injection.FieldInjectionPoint.inject(FieldInjectionPoint.java:92)
		at org.jboss.weld.util.Beans.injectBoundFields(Beans.java:345)
		at org.jboss.weld.util.Beans.injectFieldsAndInitializers(Beans.java:356)
		at org.jboss.weld.injection.producer.ResourceInjector$1.proceed(ResourceInjector.java:69)
		at org.jboss.weld.injection.InjectionContextImpl.run(InjectionContextImpl.java:48)
		at org.jboss.weld.injection.producer.ResourceInjector.inject(ResourceInjector.java:71)
		at org.jboss.weld.injection.producer.BasicInjectionTarget.inject(BasicInjectionTarget.java:117)
		at org.jboss.weld.bean.ManagedBean.create(ManagedBean.java:161)
		at org.jboss.weld.contexts.AbstractContext.get(AbstractContext.java:96)
		at org.jboss.weld.bean.ContextualInstanceStrategy$DefaultContextualInstanceStrategy.get(ContextualInstanceStrategy.java:100)
		at org.jboss.weld.bean.ContextualInstanceStrategy$CachingContextualInstanceStrategy.get(ContextualInstanceStrategy.java:177)
		at org.jboss.weld.bean.ContextualInstance.get(ContextualInstance.java:50)
		at org.jboss.weld.manager.BeanManagerImpl.getReference(BeanManagerImpl.java:694)
		at org.jboss.weld.module.web.el.AbstractWeldELResolver.lookup(AbstractWeldELResolver.java:107)
		at org.jboss.weld.module.web.el.AbstractWeldELResolver.getValue(AbstractWeldELResolver.java:90)
		at org.jboss.weld.environment.servlet.util.ForwardingELResolver.getValue(ForwardingELResolver.java:49)
		at jakarta.el.CompositeELResolver.getValue(CompositeELResolver.java:109)
		at com.sun.faces.el.DemuxCompositeELResolver._getValue(DemuxCompositeELResolver.java:139)
		at com.sun.faces.el.DemuxCompositeELResolver.getValue(DemuxCompositeELResolver.java:164)
		at org.apache.el.parser.AstIdentifier.getValue(AstIdentifier.java:94)
		at org.apache.el.parser.AstValue.getValue(AstValue.java:134)
		at org.apache.el.ValueExpressionImpl.getValue(ValueExpressionImpl.java:152)
		at org.jboss.weld.module.web.el.WeldValueExpression.getValue(WeldValueExpression.java:50)
		at com.sun.faces.facelets.el.TagValueExpression.getValue(TagValueExpression.java:73)
		at jakarta.faces.component.ComponentStateHelper.eval(ComponentStateHelper.java:188)
		at jakarta.faces.component.ComponentStateHelper.eval(ComponentStateHelper.java:175)
		at jakarta.faces.component.UIOutput.getValue(UIOutput.java:134)
		at jakarta.faces.component.UIInput.getValue(UIInput.java:289)
		at org.primefaces.util.ComponentUtils.getValueToRender(ComponentUtils.java:102)
		at org.primefaces.util.ComponentUtils.getValueToRender(ComponentUtils.java:66)
		at org.primefaces.component.inputtext.InputTextRenderer.encodeMarkup(InputTextRenderer.java:97)
		at org.primefaces.component.inputtext.InputTextRenderer.encodeEnd(InputTextRenderer.java:67)
		at jakarta.faces.component.UIComponentBase.encodeEnd(UIComponentBase.java:587)
		at org.primefaces.renderkit.CoreRenderer.renderChild(CoreRenderer.java:85)
		at org.primefaces.renderkit.CoreRenderer.renderChildren(CoreRenderer.java:67)
		at org.primefaces.component.panel.PanelRenderer.encodeContent(PanelRenderer.java:219)
		at org.primefaces.component.panel.PanelRenderer.encodeMarkup(PanelRenderer.java:132)
		at org.primefaces.component.panel.PanelRenderer.encodeEnd(PanelRenderer.java:68)
		at jakarta.faces.component.UIComponentBase.encodeEnd(UIComponentBase.java:587)
		at jakarta.faces.component.UIComponent.encodeAll(UIComponent.java:1460)
		at jakarta.faces.render.Renderer.encodeChildren(Renderer.java:141)
		at jakarta.faces.component.UIComponentBase.encodeChildren(UIComponentBase.java:558)
		at jakarta.faces.component.UIComponent.encodeAll(UIComponent.java:1453)
		at jakarta.faces.component.UIComponent.encodeAll(UIComponent.java:1456)
		at jakarta.faces.component.UIComponent.encodeAll(UIComponent.java:1456)
		at com.sun.faces.application.view.FaceletViewHandlingStrategy.renderView(FaceletViewHandlingStrategy.java:451)
		at com.sun.faces.application.view.MultiViewHandler.renderView(MultiViewHandler.java:164)
		at jakarta.faces.application.ViewHandlerWrapper.renderView(ViewHandlerWrapper.java:125)
		at com.sun.faces.lifecycle.RenderResponsePhase.execute(RenderResponsePhase.java:93)
		at com.sun.faces.lifecycle.Phase.doPhase(Phase.java:72)
		at com.sun.faces.lifecycle.LifecycleImpl.render(LifecycleImpl.java:178)
		at jakarta.faces.webapp.FacesServlet.executeLifecyle(FacesServlet.java:682)
		at jakarta.faces.webapp.FacesServlet.service(FacesServlet.java:437)
		at org.apache.catalina.core.ApplicationFilterChain.internalDoFilter(ApplicationFilterChain.java:195)
		at org.apache.catalina.core.ApplicationFilterChain.doFilter(ApplicationFilterChain.java:140)
		at org.apache.tomcat.websocket.server.WsFilter.doFilter(WsFilter.java:51)
		at org.apache.catalina.core.ApplicationFilterChain.internalDoFilter(ApplicationFilterChain.java:164)
		at org.apache.catalina.core.ApplicationFilterChain.doFilter(ApplicationFilterChain.java:140)
		at org.apache.catalina.core.StandardWrapperValve.invoke(StandardWrapperValve.java:167)
		at org.apache.catalina.core.StandardContextValve.invoke(StandardContextValve.java:90)
		at org.apache.catalina.authenticator.AuthenticatorBase.invoke(AuthenticatorBase.java:483)
		at org.apache.catalina.core.StandardHostValve.invoke(StandardHostValve.java:115)
		at org.apache.catalina.valves.ErrorReportValve.invoke(ErrorReportValve.java:93)
		at org.apache.catalina.valves.AbstractAccessLogValve.invoke(AbstractAccessLogValve.java:663)
		at org.apache.catalina.core.StandardEngineValve.invoke(StandardEngineValve.java:74)
		at org.apache.catalina.connector.CoyoteAdapter.service(CoyoteAdapter.java:344)
		at org.apache.coyote.http11.Http11Processor.service(Http11Processor.java:384)
		at org.apache.coyote.AbstractProcessorLight.process(AbstractProcessorLight.java:63)
		at org.apache.coyote.AbstractProtocol$ConnectionHandler.process(AbstractProtocol.java:905)
		at org.apache.tomcat.util.net.NioEndpoint$SocketProcessor.doRun(NioEndpoint.java:1741)
		at org.apache.tomcat.util.net.SocketProcessorBase.run(SocketProcessorBase.java:52)
		at org.apache.tomcat.util.threads.ThreadPoolExecutor.runWorker(ThreadPoolExecutor.java:1190)
		at org.apache.tomcat.util.threads.ThreadPoolExecutor$Worker.run(ThreadPoolExecutor.java:659)
		at org.apache.tomcat.util.threads.TaskThread$WrappingRunnable.run(TaskThread.java:63)
		at java.base/java.lang.Thread.run(Thread.java:834)
30-Nov-2024 19:01:05.358 SEVERE [http-nio-9844-exec-1] org.apache.catalina.core.StandardWrapperValve.invoke Servlet.service() for servlet [FacesServlet] in context with path [/demo] threw exception [viewId:/templates/index3.xhtml - View /templates/index3.xhtml could not be restored.] with root cause
	jakarta.faces.application.ViewExpiredException: viewId:/templates/index3.xhtml - View /templates/index3.xhtml could not be restored.
		at com.sun.faces.lifecycle.RestoreViewPhase.execute(RestoreViewPhase.java:186)
		at com.sun.faces.lifecycle.Phase.doPhase(Phase.java:72)
		at com.sun.faces.lifecycle.RestoreViewPhase.doPhase(RestoreViewPhase.java:102)
		at com.sun.faces.lifecycle.LifecycleImpl.execute(LifecycleImpl.java:159)
		at jakarta.faces.webapp.FacesServlet.executeLifecyle(FacesServlet.java:681)
		at jakarta.faces.webapp.FacesServlet.service(FacesServlet.java:437)
		at org.apache.catalina.core.ApplicationFilterChain.internalDoFilter(ApplicationFilterChain.java:195)
		at org.apache.catalina.core.ApplicationFilterChain.doFilter(ApplicationFilterChain.java:140)
		at org.apache.tomcat.websocket.server.WsFilter.doFilter(WsFilter.java:51)
		at org.apache.catalina.core.ApplicationFilterChain.internalDoFilter(ApplicationFilterChain.java:164)
		at org.apache.catalina.core.ApplicationFilterChain.doFilter(ApplicationFilterChain.java:140)
		at org.apache.catalina.core.StandardWrapperValve.invoke(StandardWrapperValve.java:167)
		at org.apache.catalina.core.StandardContextValve.invoke(StandardContextValve.java:90)
		at org.apache.catalina.authenticator.AuthenticatorBase.invoke(AuthenticatorBase.java:483)
		at org.apache.catalina.core.StandardHostValve.invoke(StandardHostValve.java:115)
		at org.apache.catalina.valves.ErrorReportValve.invoke(ErrorReportValve.java:93)
		at org.apache.catalina.valves.AbstractAccessLogValve.invoke(AbstractAccessLogValve.java:663)
		at org.apache.catalina.core.StandardEngineValve.invoke(StandardEngineValve.java:74)
		at org.apache.catalina.connector.CoyoteAdapter.service(CoyoteAdapter.java:344)
		at org.apache.coyote.http11.Http11Processor.service(Http11Processor.java:384)
		at org.apache.coyote.AbstractProcessorLight.process(AbstractProcessorLight.java:63)
		at org.apache.coyote.AbstractProtocol$ConnectionHandler.process(AbstractProtocol.java:905)
		at org.apache.tomcat.util.net.NioEndpoint$SocketProcessor.doRun(NioEndpoint.java:1741)
		at org.apache.tomcat.util.net.SocketProcessorBase.run(SocketProcessorBase.java:52)
		at org.apache.tomcat.util.threads.ThreadPoolExecutor.runWorker(ThreadPoolExecutor.java:1190)
		at org.apache.tomcat.util.threads.ThreadPoolExecutor$Worker.run(ThreadPoolExecutor.java:659)
		at org.apache.tomcat.util.threads.TaskThread$WrappingRunnable.run(TaskThread.java:63)
		at java.base/java.lang.Thread.run(Thread.java:834)
30-Nov-2024 19:07:03.275 SEVERE [http-nio-9844-exec-6] org.apache.catalina.core.StandardWrapperValve.invoke Servlet.service() for servlet [FacesServlet] in context with path [/demo] threw exception [jakarta.ws.rs.ProcessingException: RESTEASY003145: Unable to find a MessageBodyReader of content-type application/json and type interface java.util.List] with root cause
	jakarta.ws.rs.ProcessingException: RESTEASY003145: Unable to find a MessageBodyReader of content-type application/json and type interface java.util.List
		at org.jboss.resteasy.core.interception.jaxrs.ClientReaderInterceptorContext.throwReaderNotFound(ClientReaderInterceptorContext.java:46)
		at org.jboss.resteasy.core.interception.jaxrs.AbstractReaderInterceptorContext.getReader(AbstractReaderInterceptorContext.java:129)
		at org.jboss.resteasy.core.interception.jaxrs.AbstractReaderInterceptorContext.proceed(AbstractReaderInterceptorContext.java:76)
		at org.jboss.resteasy.client.jaxrs.internal.ClientResponse.readFrom(ClientResponse.java:192)
		at org.jboss.resteasy.specimpl.BuiltResponse.readEntity(BuiltResponse.java:75)
		at org.jboss.resteasy.specimpl.AbstractBuiltResponse.readEntity(AbstractBuiltResponse.java:238)
		at Beans.frontEnd.SearchBean.getGoodGuys(SearchBean.java:50)
		at java.base/jdk.internal.reflect.NativeMethodAccessorImpl.invoke0(Native Method)
		at java.base/jdk.internal.reflect.NativeMethodAccessorImpl.invoke(NativeMethodAccessorImpl.java:62)
		at java.base/jdk.internal.reflect.DelegatingMethodAccessorImpl.invoke(DelegatingMethodAccessorImpl.java:43)
		at java.base/java.lang.reflect.Method.invoke(Method.java:566)
		at org.apache.el.parser.AstValue.invoke(AstValue.java:239)
		at org.apache.el.MethodExpressionImpl.invoke(MethodExpressionImpl.java:230)
		at org.jboss.weld.module.web.util.el.ForwardingMethodExpression.invoke(ForwardingMethodExpression.java:40)
		at org.jboss.weld.module.web.el.WeldMethodExpression.invoke(WeldMethodExpression.java:50)
		at com.sun.faces.facelets.el.TagMethodExpression.invoke(TagMethodExpression.java:70)
		at com.sun.faces.application.MethodBindingMethodExpressionAdapter.invoke(MethodBindingMethodExpressionAdapter.java:67)
		at com.sun.faces.application.ActionListenerImpl.getNavigationOutcome(ActionListenerImpl.java:75)
		at com.sun.faces.application.ActionListenerImpl.processAction(ActionListenerImpl.java:64)
		at jakarta.faces.component.UICommand.broadcast(UICommand.java:213)
		at jakarta.faces.component.UIViewRoot.broadcastEvents(UIViewRoot.java:852)
		at jakarta.faces.component.UIViewRoot.processApplication(UIViewRoot.java:1329)
		at com.sun.faces.lifecycle.InvokeApplicationPhase.execute(InvokeApplicationPhase.java:56)
		at com.sun.faces.lifecycle.Phase.doPhase(Phase.java:72)
		at com.sun.faces.lifecycle.LifecycleImpl.execute(LifecycleImpl.java:159)
		at jakarta.faces.webapp.FacesServlet.executeLifecyle(FacesServlet.java:681)
		at jakarta.faces.webapp.FacesServlet.service(FacesServlet.java:437)
		at org.apache.catalina.core.ApplicationFilterChain.internalDoFilter(ApplicationFilterChain.java:195)
		at org.apache.catalina.core.ApplicationFilterChain.doFilter(ApplicationFilterChain.java:140)
		at org.apache.tomcat.websocket.server.WsFilter.doFilter(WsFilter.java:51)
		at org.apache.catalina.core.ApplicationFilterChain.internalDoFilter(ApplicationFilterChain.java:164)
		at org.apache.catalina.core.ApplicationFilterChain.doFilter(ApplicationFilterChain.java:140)
		at org.apache.catalina.core.StandardWrapperValve.invoke(StandardWrapperValve.java:167)
		at org.apache.catalina.core.StandardContextValve.invoke(StandardContextValve.java:90)
		at org.apache.catalina.authenticator.AuthenticatorBase.invoke(AuthenticatorBase.java:483)
		at org.apache.catalina.core.StandardHostValve.invoke(StandardHostValve.java:115)
		at org.apache.catalina.valves.ErrorReportValve.invoke(ErrorReportValve.java:93)
		at org.apache.catalina.valves.AbstractAccessLogValve.invoke(AbstractAccessLogValve.java:663)
		at org.apache.catalina.core.StandardEngineValve.invoke(StandardEngineValve.java:74)
		at org.apache.catalina.connector.CoyoteAdapter.service(CoyoteAdapter.java:344)
		at org.apache.coyote.http11.Http11Processor.service(Http11Processor.java:384)
		at org.apache.coyote.AbstractProcessorLight.process(AbstractProcessorLight.java:63)
		at org.apache.coyote.AbstractProtocol$ConnectionHandler.process(AbstractProtocol.java:905)
		at org.apache.tomcat.util.net.NioEndpoint$SocketProcessor.doRun(NioEndpoint.java:1741)
		at org.apache.tomcat.util.net.SocketProcessorBase.run(SocketProcessorBase.java:52)
		at org.apache.tomcat.util.threads.ThreadPoolExecutor.runWorker(ThreadPoolExecutor.java:1190)
		at org.apache.tomcat.util.threads.ThreadPoolExecutor$Worker.run(ThreadPoolExecutor.java:659)
		at org.apache.tomcat.util.threads.TaskThread$WrappingRunnable.run(TaskThread.java:63)
		at java.base/java.lang.Thread.run(Thread.java:834)
30-Nov-2024 19:08:48.428 SEVERE [http-nio-9844-exec-4] org.apache.catalina.core.StandardWrapperValve.invoke Servlet.service() for servlet [FacesServlet] in context with path [/demo] threw exception [jakarta.ws.rs.ProcessingException: RESTEASY003145: Unable to find a MessageBodyReader of content-type application/json and type interface java.util.List] with root cause
	jakarta.ws.rs.ProcessingException: RESTEASY003145: Unable to find a MessageBodyReader of content-type application/json and type interface java.util.List
		at org.jboss.resteasy.core.interception.jaxrs.ClientReaderInterceptorContext.throwReaderNotFound(ClientReaderInterceptorContext.java:46)
		at org.jboss.resteasy.core.interception.jaxrs.AbstractReaderInterceptorContext.getReader(AbstractReaderInterceptorContext.java:129)
		at org.jboss.resteasy.core.interception.jaxrs.AbstractReaderInterceptorContext.proceed(AbstractReaderInterceptorContext.java:76)
		at org.jboss.resteasy.client.jaxrs.internal.ClientResponse.readFrom(ClientResponse.java:192)
		at org.jboss.resteasy.specimpl.BuiltResponse.readEntity(BuiltResponse.java:75)
		at org.jboss.resteasy.specimpl.AbstractBuiltResponse.readEntity(AbstractBuiltResponse.java:238)
		at Beans.frontEnd.SearchBean.getGoodGuys(SearchBean.java:50)
		at java.base/jdk.internal.reflect.NativeMethodAccessorImpl.invoke0(Native Method)
		at java.base/jdk.internal.reflect.NativeMethodAccessorImpl.invoke(NativeMethodAccessorImpl.java:62)
		at java.base/jdk.internal.reflect.DelegatingMethodAccessorImpl.invoke(DelegatingMethodAccessorImpl.java:43)
		at java.base/java.lang.reflect.Method.invoke(Method.java:566)
		at org.apache.el.parser.AstValue.invoke(AstValue.java:239)
		at org.apache.el.MethodExpressionImpl.invoke(MethodExpressionImpl.java:230)
		at org.jboss.weld.module.web.util.el.ForwardingMethodExpression.invoke(ForwardingMethodExpression.java:40)
		at org.jboss.weld.module.web.el.WeldMethodExpression.invoke(WeldMethodExpression.java:50)
		at com.sun.faces.facelets.el.TagMethodExpression.invoke(TagMethodExpression.java:70)
		at com.sun.faces.application.MethodBindingMethodExpressionAdapter.invoke(MethodBindingMethodExpressionAdapter.java:67)
		at com.sun.faces.application.ActionListenerImpl.getNavigationOutcome(ActionListenerImpl.java:75)
		at com.sun.faces.application.ActionListenerImpl.processAction(ActionListenerImpl.java:64)
		at jakarta.faces.component.UICommand.broadcast(UICommand.java:213)
		at jakarta.faces.component.UIViewRoot.broadcastEvents(UIViewRoot.java:852)
		at jakarta.faces.component.UIViewRoot.processApplication(UIViewRoot.java:1329)
		at com.sun.faces.lifecycle.InvokeApplicationPhase.execute(InvokeApplicationPhase.java:56)
		at com.sun.faces.lifecycle.Phase.doPhase(Phase.java:72)
		at com.sun.faces.lifecycle.LifecycleImpl.execute(LifecycleImpl.java:159)
		at jakarta.faces.webapp.FacesServlet.executeLifecyle(FacesServlet.java:681)
		at jakarta.faces.webapp.FacesServlet.service(FacesServlet.java:437)
		at org.apache.catalina.core.ApplicationFilterChain.internalDoFilter(ApplicationFilterChain.java:195)
		at org.apache.catalina.core.ApplicationFilterChain.doFilter(ApplicationFilterChain.java:140)
		at org.apache.tomcat.websocket.server.WsFilter.doFilter(WsFilter.java:51)
		at org.apache.catalina.core.ApplicationFilterChain.internalDoFilter(ApplicationFilterChain.java:164)
		at org.apache.catalina.core.ApplicationFilterChain.doFilter(ApplicationFilterChain.java:140)
		at org.apache.catalina.core.StandardWrapperValve.invoke(StandardWrapperValve.java:167)
		at org.apache.catalina.core.StandardContextValve.invoke(StandardContextValve.java:90)
		at org.apache.catalina.authenticator.AuthenticatorBase.invoke(AuthenticatorBase.java:483)
		at org.apache.catalina.core.StandardHostValve.invoke(StandardHostValve.java:115)
		at org.apache.catalina.valves.ErrorReportValve.invoke(ErrorReportValve.java:93)
		at org.apache.catalina.valves.AbstractAccessLogValve.invoke(AbstractAccessLogValve.java:663)
		at org.apache.catalina.core.StandardEngineValve.invoke(StandardEngineValve.java:74)
		at org.apache.catalina.connector.CoyoteAdapter.service(CoyoteAdapter.java:344)
		at org.apache.coyote.http11.Http11Processor.service(Http11Processor.java:384)
		at org.apache.coyote.AbstractProcessorLight.process(AbstractProcessorLight.java:63)
		at org.apache.coyote.AbstractProtocol$ConnectionHandler.process(AbstractProtocol.java:905)
		at org.apache.tomcat.util.net.NioEndpoint$SocketProcessor.doRun(NioEndpoint.java:1741)
		at org.apache.tomcat.util.net.SocketProcessorBase.run(SocketProcessorBase.java:52)
		at org.apache.tomcat.util.threads.ThreadPoolExecutor.runWorker(ThreadPoolExecutor.java:1190)
		at org.apache.tomcat.util.threads.ThreadPoolExecutor$Worker.run(ThreadPoolExecutor.java:659)
		at org.apache.tomcat.util.threads.TaskThread$WrappingRunnable.run(TaskThread.java:63)
		at java.base/java.lang.Thread.run(Thread.java:834)
30-Nov-2024 19:10:17.151 SEVERE [http-nio-9844-exec-7] org.apache.catalina.core.StandardWrapperValve.invoke Servlet.service() for servlet [FacesServlet] in context with path [/demo] threw exception [jakarta.ws.rs.ProcessingException: RESTEASY003145: Unable to find a MessageBodyReader of content-type application/json and type interface java.util.List] with root cause
	jakarta.ws.rs.ProcessingException: RESTEASY003145: Unable to find a MessageBodyReader of content-type application/json and type interface java.util.List
		at org.jboss.resteasy.core.interception.jaxrs.ClientReaderInterceptorContext.throwReaderNotFound(ClientReaderInterceptorContext.java:46)
		at org.jboss.resteasy.core.interception.jaxrs.AbstractReaderInterceptorContext.getReader(AbstractReaderInterceptorContext.java:129)
		at org.jboss.resteasy.core.interception.jaxrs.AbstractReaderInterceptorContext.proceed(AbstractReaderInterceptorContext.java:76)
		at org.jboss.resteasy.client.jaxrs.internal.ClientResponse.readFrom(ClientResponse.java:192)
		at org.jboss.resteasy.specimpl.BuiltResponse.readEntity(BuiltResponse.java:75)
		at org.jboss.resteasy.specimpl.AbstractBuiltResponse.readEntity(AbstractBuiltResponse.java:238)
		at Beans.frontEnd.SearchBean.getGoodGuys(SearchBean.java:50)
		at java.base/jdk.internal.reflect.NativeMethodAccessorImpl.invoke0(Native Method)
		at java.base/jdk.internal.reflect.NativeMethodAccessorImpl.invoke(NativeMethodAccessorImpl.java:62)
		at java.base/jdk.internal.reflect.DelegatingMethodAccessorImpl.invoke(DelegatingMethodAccessorImpl.java:43)
		at java.base/java.lang.reflect.Method.invoke(Method.java:566)
		at org.apache.el.parser.AstValue.invoke(AstValue.java:239)
		at org.apache.el.MethodExpressionImpl.invoke(MethodExpressionImpl.java:230)
		at org.jboss.weld.module.web.util.el.ForwardingMethodExpression.invoke(ForwardingMethodExpression.java:40)
		at org.jboss.weld.module.web.el.WeldMethodExpression.invoke(WeldMethodExpression.java:50)
		at com.sun.faces.facelets.el.TagMethodExpression.invoke(TagMethodExpression.java:70)
		at com.sun.faces.application.MethodBindingMethodExpressionAdapter.invoke(MethodBindingMethodExpressionAdapter.java:67)
		at com.sun.faces.application.ActionListenerImpl.getNavigationOutcome(ActionListenerImpl.java:75)
		at com.sun.faces.application.ActionListenerImpl.processAction(ActionListenerImpl.java:64)
		at jakarta.faces.component.UICommand.broadcast(UICommand.java:213)
		at jakarta.faces.component.UIViewRoot.broadcastEvents(UIViewRoot.java:852)
		at jakarta.faces.component.UIViewRoot.processApplication(UIViewRoot.java:1329)
		at com.sun.faces.lifecycle.InvokeApplicationPhase.execute(InvokeApplicationPhase.java:56)
		at com.sun.faces.lifecycle.Phase.doPhase(Phase.java:72)
		at com.sun.faces.lifecycle.LifecycleImpl.execute(LifecycleImpl.java:159)
		at jakarta.faces.webapp.FacesServlet.executeLifecyle(FacesServlet.java:681)
		at jakarta.faces.webapp.FacesServlet.service(FacesServlet.java:437)
		at org.apache.catalina.core.ApplicationFilterChain.internalDoFilter(ApplicationFilterChain.java:195)
		at org.apache.catalina.core.ApplicationFilterChain.doFilter(ApplicationFilterChain.java:140)
		at org.apache.tomcat.websocket.server.WsFilter.doFilter(WsFilter.java:51)
		at org.apache.catalina.core.ApplicationFilterChain.internalDoFilter(ApplicationFilterChain.java:164)
		at org.apache.catalina.core.ApplicationFilterChain.doFilter(ApplicationFilterChain.java:140)
		at org.apache.catalina.core.StandardWrapperValve.invoke(StandardWrapperValve.java:167)
		at org.apache.catalina.core.StandardContextValve.invoke(StandardContextValve.java:90)
		at org.apache.catalina.authenticator.AuthenticatorBase.invoke(AuthenticatorBase.java:483)
		at org.apache.catalina.core.StandardHostValve.invoke(StandardHostValve.java:115)
		at org.apache.catalina.valves.ErrorReportValve.invoke(ErrorReportValve.java:93)
		at org.apache.catalina.valves.AbstractAccessLogValve.invoke(AbstractAccessLogValve.java:663)
		at org.apache.catalina.core.StandardEngineValve.invoke(StandardEngineValve.java:74)
		at org.apache.catalina.connector.CoyoteAdapter.service(CoyoteAdapter.java:344)
		at org.apache.coyote.http11.Http11Processor.service(Http11Processor.java:384)
		at org.apache.coyote.AbstractProcessorLight.process(AbstractProcessorLight.java:63)
		at org.apache.coyote.AbstractProtocol$ConnectionHandler.process(AbstractProtocol.java:905)
		at org.apache.tomcat.util.net.NioEndpoint$SocketProcessor.doRun(NioEndpoint.java:1741)
		at org.apache.tomcat.util.net.SocketProcessorBase.run(SocketProcessorBase.java:52)
		at org.apache.tomcat.util.threads.ThreadPoolExecutor.runWorker(ThreadPoolExecutor.java:1190)
		at org.apache.tomcat.util.threads.ThreadPoolExecutor$Worker.run(ThreadPoolExecutor.java:659)
		at org.apache.tomcat.util.threads.TaskThread$WrappingRunnable.run(TaskThread.java:63)
		at java.base/java.lang.Thread.run(Thread.java:834)
30-Nov-2024 19:12:32.217 SEVERE [http-nio-9844-exec-8] org.apache.catalina.core.StandardWrapperValve.invoke Servlet.service() for servlet [FacesServlet] in context with path [/demo] threw exception [jakarta.ws.rs.ProcessingException: RESTEASY003145: Unable to find a MessageBodyReader of content-type application/json and type interface java.util.List] with root cause
	jakarta.ws.rs.ProcessingException: RESTEASY003145: Unable to find a MessageBodyReader of content-type application/json and type interface java.util.List
		at org.jboss.resteasy.core.interception.jaxrs.ClientReaderInterceptorContext.throwReaderNotFound(ClientReaderInterceptorContext.java:46)
		at org.jboss.resteasy.core.interception.jaxrs.AbstractReaderInterceptorContext.getReader(AbstractReaderInterceptorContext.java:129)
		at org.jboss.resteasy.core.interception.jaxrs.AbstractReaderInterceptorContext.proceed(AbstractReaderInterceptorContext.java:76)
		at org.jboss.resteasy.client.jaxrs.internal.ClientResponse.readFrom(ClientResponse.java:192)
		at org.jboss.resteasy.specimpl.BuiltResponse.readEntity(BuiltResponse.java:75)
		at org.jboss.resteasy.specimpl.AbstractBuiltResponse.readEntity(AbstractBuiltResponse.java:238)
		at Beans.frontEnd.SearchBean.getGoodGuys(SearchBean.java:50)
		at java.base/jdk.internal.reflect.NativeMethodAccessorImpl.invoke0(Native Method)
		at java.base/jdk.internal.reflect.NativeMethodAccessorImpl.invoke(NativeMethodAccessorImpl.java:62)
		at java.base/jdk.internal.reflect.DelegatingMethodAccessorImpl.invoke(DelegatingMethodAccessorImpl.java:43)
		at java.base/java.lang.reflect.Method.invoke(Method.java:566)
		at org.apache.el.parser.AstValue.invoke(AstValue.java:239)
		at org.apache.el.MethodExpressionImpl.invoke(MethodExpressionImpl.java:230)
		at org.jboss.weld.module.web.util.el.ForwardingMethodExpression.invoke(ForwardingMethodExpression.java:40)
		at org.jboss.weld.module.web.el.WeldMethodExpression.invoke(WeldMethodExpression.java:50)
		at com.sun.faces.facelets.el.TagMethodExpression.invoke(TagMethodExpression.java:70)
		at com.sun.faces.application.MethodBindingMethodExpressionAdapter.invoke(MethodBindingMethodExpressionAdapter.java:67)
		at com.sun.faces.application.ActionListenerImpl.getNavigationOutcome(ActionListenerImpl.java:75)
		at com.sun.faces.application.ActionListenerImpl.processAction(ActionListenerImpl.java:64)
		at jakarta.faces.component.UICommand.broadcast(UICommand.java:213)
		at jakarta.faces.component.UIViewRoot.broadcastEvents(UIViewRoot.java:852)
		at jakarta.faces.component.UIViewRoot.processApplication(UIViewRoot.java:1329)
		at com.sun.faces.lifecycle.InvokeApplicationPhase.execute(InvokeApplicationPhase.java:56)
		at com.sun.faces.lifecycle.Phase.doPhase(Phase.java:72)
		at com.sun.faces.lifecycle.LifecycleImpl.execute(LifecycleImpl.java:159)
		at jakarta.faces.webapp.FacesServlet.executeLifecyle(FacesServlet.java:681)
		at jakarta.faces.webapp.FacesServlet.service(FacesServlet.java:437)
		at org.apache.catalina.core.ApplicationFilterChain.internalDoFilter(ApplicationFilterChain.java:195)
		at org.apache.catalina.core.ApplicationFilterChain.doFilter(ApplicationFilterChain.java:140)
		at org.apache.tomcat.websocket.server.WsFilter.doFilter(WsFilter.java:51)
		at org.apache.catalina.core.ApplicationFilterChain.internalDoFilter(ApplicationFilterChain.java:164)
		at org.apache.catalina.core.ApplicationFilterChain.doFilter(ApplicationFilterChain.java:140)
		at org.apache.catalina.core.StandardWrapperValve.invoke(StandardWrapperValve.java:167)
		at org.apache.catalina.core.StandardContextValve.invoke(StandardContextValve.java:90)
		at org.apache.catalina.authenticator.AuthenticatorBase.invoke(AuthenticatorBase.java:483)
		at org.apache.catalina.core.StandardHostValve.invoke(StandardHostValve.java:115)
		at org.apache.catalina.valves.ErrorReportValve.invoke(ErrorReportValve.java:93)
		at org.apache.catalina.valves.AbstractAccessLogValve.invoke(AbstractAccessLogValve.java:663)
		at org.apache.catalina.core.StandardEngineValve.invoke(StandardEngineValve.java:74)
		at org.apache.catalina.connector.CoyoteAdapter.service(CoyoteAdapter.java:344)
		at org.apache.coyote.http11.Http11Processor.service(Http11Processor.java:384)
		at org.apache.coyote.AbstractProcessorLight.process(AbstractProcessorLight.java:63)
		at org.apache.coyote.AbstractProtocol$ConnectionHandler.process(AbstractProtocol.java:905)
		at org.apache.tomcat.util.net.NioEndpoint$SocketProcessor.doRun(NioEndpoint.java:1741)
		at org.apache.tomcat.util.net.SocketProcessorBase.run(SocketProcessorBase.java:52)
		at org.apache.tomcat.util.threads.ThreadPoolExecutor.runWorker(ThreadPoolExecutor.java:1190)
		at org.apache.tomcat.util.threads.ThreadPoolExecutor$Worker.run(ThreadPoolExecutor.java:659)
		at org.apache.tomcat.util.threads.TaskThread$WrappingRunnable.run(TaskThread.java:63)
		at java.base/java.lang.Thread.run(Thread.java:834)
30-Nov-2024 19:20:18.764 SEVERE [http-nio-9844-exec-2] org.apache.catalina.core.StandardWrapperValve.invoke Servlet.service() for servlet [FacesServlet] in context with path [/demo] threw exception [Cannot find component for expression "dataTable" referenced from "mainForm:j_idt8".] with root cause
	org.primefaces.expression.ComponentNotFoundException: Cannot find component for expression "dataTable" referenced from "mainForm:j_idt8".
		at org.primefaces.expression.SearchExpressionFacade.cannotFindComponent(SearchExpressionFacade.java:729)
		at org.primefaces.expression.SearchExpressionFacade.resolveClientIds(SearchExpressionFacade.java:263)
		at org.primefaces.util.AjaxRequestBuilder.addExpressions(AjaxRequestBuilder.java:164)
		at org.primefaces.util.AjaxRequestBuilder.update(AjaxRequestBuilder.java:157)
		at org.primefaces.renderkit.CoreRenderer.preConfiguredAjaxRequestBuilder(CoreRenderer.java:455)
		at org.primefaces.renderkit.CoreRenderer.buildAjaxRequest(CoreRenderer.java:476)
		at org.primefaces.renderkit.CoreRenderer.buildAjaxRequest(CoreRenderer.java:472)
		at org.primefaces.component.commandbutton.CommandButtonRenderer.buildRequest(CommandButtonRenderer.java:148)
		at org.primefaces.component.commandbutton.CommandButtonRenderer.encodeMarkup(CommandButtonRenderer.java:78)
		at org.primefaces.component.commandbutton.CommandButtonRenderer.encodeEnd(CommandButtonRenderer.java:63)
		at jakarta.faces.component.UIComponentBase.encodeEnd(UIComponentBase.java:587)
		at org.primefaces.renderkit.CoreRenderer.renderChild(CoreRenderer.java:85)
		at org.primefaces.renderkit.CoreRenderer.renderChildren(CoreRenderer.java:67)
		at org.primefaces.component.panel.PanelRenderer.encodeContent(PanelRenderer.java:219)
		at org.primefaces.component.panel.PanelRenderer.encodeMarkup(PanelRenderer.java:132)
		at org.primefaces.component.panel.PanelRenderer.encodeEnd(PanelRenderer.java:68)
		at jakarta.faces.component.UIComponentBase.encodeEnd(UIComponentBase.java:587)
		at jakarta.faces.component.UIComponent.encodeAll(UIComponent.java:1460)
		at jakarta.faces.render.Renderer.encodeChildren(Renderer.java:141)
		at jakarta.faces.component.UIComponentBase.encodeChildren(UIComponentBase.java:558)
		at jakarta.faces.component.UIComponent.encodeAll(UIComponent.java:1453)
		at jakarta.faces.component.UIComponent.encodeAll(UIComponent.java:1456)
		at jakarta.faces.component.UIComponent.encodeAll(UIComponent.java:1456)
		at com.sun.faces.application.view.FaceletViewHandlingStrategy.renderView(FaceletViewHandlingStrategy.java:451)
		at com.sun.faces.application.view.MultiViewHandler.renderView(MultiViewHandler.java:164)
		at jakarta.faces.application.ViewHandlerWrapper.renderView(ViewHandlerWrapper.java:125)
		at com.sun.faces.lifecycle.RenderResponsePhase.execute(RenderResponsePhase.java:93)
		at com.sun.faces.lifecycle.Phase.doPhase(Phase.java:72)
		at com.sun.faces.lifecycle.LifecycleImpl.render(LifecycleImpl.java:178)
		at jakarta.faces.webapp.FacesServlet.executeLifecyle(FacesServlet.java:682)
		at jakarta.faces.webapp.FacesServlet.service(FacesServlet.java:437)
		at org.apache.catalina.core.ApplicationFilterChain.internalDoFilter(ApplicationFilterChain.java:195)
		at org.apache.catalina.core.ApplicationFilterChain.doFilter(ApplicationFilterChain.java:140)
		at org.apache.tomcat.websocket.server.WsFilter.doFilter(WsFilter.java:51)
		at org.apache.catalina.core.ApplicationFilterChain.internalDoFilter(ApplicationFilterChain.java:164)
		at org.apache.catalina.core.ApplicationFilterChain.doFilter(ApplicationFilterChain.java:140)
		at org.apache.catalina.core.StandardWrapperValve.invoke(StandardWrapperValve.java:167)
		at org.apache.catalina.core.StandardContextValve.invoke(StandardContextValve.java:90)
		at org.apache.catalina.authenticator.AuthenticatorBase.invoke(AuthenticatorBase.java:483)
		at org.apache.catalina.core.StandardHostValve.invoke(StandardHostValve.java:115)
		at org.apache.catalina.valves.ErrorReportValve.invoke(ErrorReportValve.java:93)
		at org.apache.catalina.valves.AbstractAccessLogValve.invoke(AbstractAccessLogValve.java:663)
		at org.apache.catalina.core.StandardEngineValve.invoke(StandardEngineValve.java:74)
		at org.apache.catalina.connector.CoyoteAdapter.service(CoyoteAdapter.java:344)
		at org.apache.coyote.http11.Http11Processor.service(Http11Processor.java:384)
		at org.apache.coyote.AbstractProcessorLight.process(AbstractProcessorLight.java:63)
		at org.apache.coyote.AbstractProtocol$ConnectionHandler.process(AbstractProtocol.java:905)
		at org.apache.tomcat.util.net.NioEndpoint$SocketProcessor.doRun(NioEndpoint.java:1741)
		at org.apache.tomcat.util.net.SocketProcessorBase.run(SocketProcessorBase.java:52)
		at org.apache.tomcat.util.threads.ThreadPoolExecutor.runWorker(ThreadPoolExecutor.java:1190)
		at org.apache.tomcat.util.threads.ThreadPoolExecutor$Worker.run(ThreadPoolExecutor.java:659)
		at org.apache.tomcat.util.threads.TaskThread$WrappingRunnable.run(TaskThread.java:63)
		at java.base/java.lang.Thread.run(Thread.java:834)
30-Nov-2024 19:21:24.662 SEVERE [http-nio-9844-exec-2] org.apache.catalina.core.StandardWrapperValve.invoke Servlet.service() for servlet [FacesServlet] in context with path [/demo] threw exception [Cannot find component for expression "dataTable" referenced from "mainForm:j_idt8".] with root cause
	org.primefaces.expression.ComponentNotFoundException: Cannot find component for expression "dataTable" referenced from "mainForm:j_idt8".
		at org.primefaces.expression.SearchExpressionFacade.cannotFindComponent(SearchExpressionFacade.java:729)
		at org.primefaces.expression.SearchExpressionFacade.resolveClientIds(SearchExpressionFacade.java:263)
		at org.primefaces.util.AjaxRequestBuilder.addExpressions(AjaxRequestBuilder.java:164)
		at org.primefaces.util.AjaxRequestBuilder.update(AjaxRequestBuilder.java:157)
		at org.primefaces.renderkit.CoreRenderer.preConfiguredAjaxRequestBuilder(CoreRenderer.java:455)
		at org.primefaces.renderkit.CoreRenderer.buildAjaxRequest(CoreRenderer.java:476)
		at org.primefaces.renderkit.CoreRenderer.buildAjaxRequest(CoreRenderer.java:472)
		at org.primefaces.component.commandbutton.CommandButtonRenderer.buildRequest(CommandButtonRenderer.java:148)
		at org.primefaces.component.commandbutton.CommandButtonRenderer.encodeMarkup(CommandButtonRenderer.java:78)
		at org.primefaces.component.commandbutton.CommandButtonRenderer.encodeEnd(CommandButtonRenderer.java:63)
		at jakarta.faces.component.UIComponentBase.encodeEnd(UIComponentBase.java:587)
		at org.primefaces.renderkit.CoreRenderer.renderChild(CoreRenderer.java:85)
		at org.primefaces.renderkit.CoreRenderer.renderChildren(CoreRenderer.java:67)
		at org.primefaces.component.panel.PanelRenderer.encodeContent(PanelRenderer.java:219)
		at org.primefaces.component.panel.PanelRenderer.encodeMarkup(PanelRenderer.java:132)
		at org.primefaces.component.panel.PanelRenderer.encodeEnd(PanelRenderer.java:68)
		at jakarta.faces.component.UIComponentBase.encodeEnd(UIComponentBase.java:587)
		at jakarta.faces.component.UIComponent.encodeAll(UIComponent.java:1460)
		at jakarta.faces.render.Renderer.encodeChildren(Renderer.java:141)
		at jakarta.faces.component.UIComponentBase.encodeChildren(UIComponentBase.java:558)
		at jakarta.faces.component.UIComponent.encodeAll(UIComponent.java:1453)
		at jakarta.faces.component.UIComponent.encodeAll(UIComponent.java:1456)
		at jakarta.faces.component.UIComponent.encodeAll(UIComponent.java:1456)
		at com.sun.faces.application.view.FaceletViewHandlingStrategy.renderView(FaceletViewHandlingStrategy.java:451)
		at com.sun.faces.application.view.MultiViewHandler.renderView(MultiViewHandler.java:164)
		at jakarta.faces.application.ViewHandlerWrapper.renderView(ViewHandlerWrapper.java:125)
		at com.sun.faces.lifecycle.RenderResponsePhase.execute(RenderResponsePhase.java:93)
		at com.sun.faces.lifecycle.Phase.doPhase(Phase.java:72)
		at com.sun.faces.lifecycle.LifecycleImpl.render(LifecycleImpl.java:178)
		at jakarta.faces.webapp.FacesServlet.executeLifecyle(FacesServlet.java:682)
		at jakarta.faces.webapp.FacesServlet.service(FacesServlet.java:437)
		at org.apache.catalina.core.ApplicationFilterChain.internalDoFilter(ApplicationFilterChain.java:195)
		at org.apache.catalina.core.ApplicationFilterChain.doFilter(ApplicationFilterChain.java:140)
		at org.apache.tomcat.websocket.server.WsFilter.doFilter(WsFilter.java:51)
		at org.apache.catalina.core.ApplicationFilterChain.internalDoFilter(ApplicationFilterChain.java:164)
		at org.apache.catalina.core.ApplicationFilterChain.doFilter(ApplicationFilterChain.java:140)
		at org.apache.catalina.core.StandardWrapperValve.invoke(StandardWrapperValve.java:167)
		at org.apache.catalina.core.StandardContextValve.invoke(StandardContextValve.java:90)
		at org.apache.catalina.authenticator.AuthenticatorBase.invoke(AuthenticatorBase.java:483)
		at org.apache.catalina.core.StandardHostValve.invoke(StandardHostValve.java:115)
		at org.apache.catalina.valves.ErrorReportValve.invoke(ErrorReportValve.java:93)
		at org.apache.catalina.valves.AbstractAccessLogValve.invoke(AbstractAccessLogValve.java:663)
		at org.apache.catalina.core.StandardEngineValve.invoke(StandardEngineValve.java:74)
		at org.apache.catalina.connector.CoyoteAdapter.service(CoyoteAdapter.java:344)
		at org.apache.coyote.http11.Http11Processor.service(Http11Processor.java:384)
		at org.apache.coyote.AbstractProcessorLight.process(AbstractProcessorLight.java:63)
		at org.apache.coyote.AbstractProtocol$ConnectionHandler.process(AbstractProtocol.java:905)
		at org.apache.tomcat.util.net.NioEndpoint$SocketProcessor.doRun(NioEndpoint.java:1741)
		at org.apache.tomcat.util.net.SocketProcessorBase.run(SocketProcessorBase.java:52)
		at org.apache.tomcat.util.threads.ThreadPoolExecutor.runWorker(ThreadPoolExecutor.java:1190)
		at org.apache.tomcat.util.threads.ThreadPoolExecutor$Worker.run(ThreadPoolExecutor.java:659)
		at org.apache.tomcat.util.threads.TaskThread$WrappingRunnable.run(TaskThread.java:63)
		at java.base/java.lang.Thread.run(Thread.java:834)
30-Nov-2024 19:23:24.600 SEVERE [http-nio-9844-exec-3] org.apache.catalina.core.StandardWrapperValve.invoke Servlet.service() for servlet [FacesServlet] in context with path [/demo] threw exception [jakarta.ws.rs.ProcessingException: RESTEASY003145: Unable to find a MessageBodyReader of content-type application/json and type interface java.util.List] with root cause
	jakarta.ws.rs.ProcessingException: RESTEASY003145: Unable to find a MessageBodyReader of content-type application/json and type interface java.util.List
		at org.jboss.resteasy.core.interception.jaxrs.ClientReaderInterceptorContext.throwReaderNotFound(ClientReaderInterceptorContext.java:46)
		at org.jboss.resteasy.core.interception.jaxrs.AbstractReaderInterceptorContext.getReader(AbstractReaderInterceptorContext.java:129)
		at org.jboss.resteasy.core.interception.jaxrs.AbstractReaderInterceptorContext.proceed(AbstractReaderInterceptorContext.java:76)
		at org.jboss.resteasy.client.jaxrs.internal.ClientResponse.readFrom(ClientResponse.java:192)
		at org.jboss.resteasy.specimpl.BuiltResponse.readEntity(BuiltResponse.java:75)
		at org.jboss.resteasy.specimpl.AbstractBuiltResponse.readEntity(AbstractBuiltResponse.java:238)
		at Beans.frontEnd.SearchBean.getGoodGuys(SearchBean.java:50)
		at java.base/jdk.internal.reflect.NativeMethodAccessorImpl.invoke0(Native Method)
		at java.base/jdk.internal.reflect.NativeMethodAccessorImpl.invoke(NativeMethodAccessorImpl.java:62)
		at java.base/jdk.internal.reflect.DelegatingMethodAccessorImpl.invoke(DelegatingMethodAccessorImpl.java:43)
		at java.base/java.lang.reflect.Method.invoke(Method.java:566)
		at org.apache.el.parser.AstValue.invoke(AstValue.java:239)
		at org.apache.el.MethodExpressionImpl.invoke(MethodExpressionImpl.java:230)
		at org.jboss.weld.module.web.util.el.ForwardingMethodExpression.invoke(ForwardingMethodExpression.java:40)
		at org.jboss.weld.module.web.el.WeldMethodExpression.invoke(WeldMethodExpression.java:50)
		at com.sun.faces.facelets.el.TagMethodExpression.invoke(TagMethodExpression.java:70)
		at com.sun.faces.application.MethodBindingMethodExpressionAdapter.invoke(MethodBindingMethodExpressionAdapter.java:67)
		at com.sun.faces.application.ActionListenerImpl.getNavigationOutcome(ActionListenerImpl.java:75)
		at com.sun.faces.application.ActionListenerImpl.processAction(ActionListenerImpl.java:64)
		at jakarta.faces.component.UICommand.broadcast(UICommand.java:213)
		at jakarta.faces.component.UIViewRoot.broadcastEvents(UIViewRoot.java:852)
		at jakarta.faces.component.UIViewRoot.processApplication(UIViewRoot.java:1329)
		at com.sun.faces.lifecycle.InvokeApplicationPhase.execute(InvokeApplicationPhase.java:56)
		at com.sun.faces.lifecycle.Phase.doPhase(Phase.java:72)
		at com.sun.faces.lifecycle.LifecycleImpl.execute(LifecycleImpl.java:159)
		at jakarta.faces.webapp.FacesServlet.executeLifecyle(FacesServlet.java:681)
		at jakarta.faces.webapp.FacesServlet.service(FacesServlet.java:437)
		at org.apache.catalina.core.ApplicationFilterChain.internalDoFilter(ApplicationFilterChain.java:195)
		at org.apache.catalina.core.ApplicationFilterChain.doFilter(ApplicationFilterChain.java:140)
		at org.apache.tomcat.websocket.server.WsFilter.doFilter(WsFilter.java:51)
		at org.apache.catalina.core.ApplicationFilterChain.internalDoFilter(ApplicationFilterChain.java:164)
		at org.apache.catalina.core.ApplicationFilterChain.doFilter(ApplicationFilterChain.java:140)
		at org.apache.catalina.core.StandardWrapperValve.invoke(StandardWrapperValve.java:167)
		at org.apache.catalina.core.StandardContextValve.invoke(StandardContextValve.java:90)
		at org.apache.catalina.authenticator.AuthenticatorBase.invoke(AuthenticatorBase.java:483)
		at org.apache.catalina.core.StandardHostValve.invoke(StandardHostValve.java:115)
		at org.apache.catalina.valves.ErrorReportValve.invoke(ErrorReportValve.java:93)
		at org.apache.catalina.valves.AbstractAccessLogValve.invoke(AbstractAccessLogValve.java:663)
		at org.apache.catalina.core.StandardEngineValve.invoke(StandardEngineValve.java:74)
		at org.apache.catalina.connector.CoyoteAdapter.service(CoyoteAdapter.java:344)
		at org.apache.coyote.http11.Http11Processor.service(Http11Processor.java:384)
		at org.apache.coyote.AbstractProcessorLight.process(AbstractProcessorLight.java:63)
		at org.apache.coyote.AbstractProtocol$ConnectionHandler.process(AbstractProtocol.java:905)
		at org.apache.tomcat.util.net.NioEndpoint$SocketProcessor.doRun(NioEndpoint.java:1741)
		at org.apache.tomcat.util.net.SocketProcessorBase.run(SocketProcessorBase.java:52)
		at org.apache.tomcat.util.threads.ThreadPoolExecutor.runWorker(ThreadPoolExecutor.java:1190)
		at org.apache.tomcat.util.threads.ThreadPoolExecutor$Worker.run(ThreadPoolExecutor.java:659)
		at org.apache.tomcat.util.threads.TaskThread$WrappingRunnable.run(TaskThread.java:63)
		at java.base/java.lang.Thread.run(Thread.java:834)
30-Nov-2024 19:27:42.210 SEVERE [http-nio-9844-exec-2] org.apache.catalina.core.StandardWrapperValve.invoke Servlet.service() for servlet [FacesServlet] in context with path [/demo] threw exception [/templates/index3.xhtml @65,76 value="#{searchBean.rankOptions}": Property [rankOptions] not found on type [Beans.frontEnd.SearchBean]] with root cause
	jakarta.el.PropertyNotFoundException: Property [rankOptions] not found on type [Beans.frontEnd.SearchBean]
		at jakarta.el.BeanELResolver$BeanProperties.get(BeanELResolver.java:261)
		at jakarta.el.BeanELResolver.property(BeanELResolver.java:330)
		at jakarta.el.BeanELResolver.getValue(BeanELResolver.java:99)
		at com.sun.faces.el.DemuxCompositeELResolver._getValue(DemuxCompositeELResolver.java:139)
		at com.sun.faces.el.DemuxCompositeELResolver.getValue(DemuxCompositeELResolver.java:164)
		at org.apache.el.parser.AstValue.getValue(AstValue.java:161)
		at org.apache.el.ValueExpressionImpl.getValue(ValueExpressionImpl.java:152)
		at org.jboss.weld.module.web.el.WeldValueExpression.getValue(WeldValueExpression.java:50)
		at com.sun.faces.facelets.el.TagValueExpression.getValue(TagValueExpression.java:73)
		at jakarta.faces.component.ComponentStateHelper.eval(ComponentStateHelper.java:188)
		at jakarta.faces.component.ComponentStateHelper.eval(ComponentStateHelper.java:175)
		at jakarta.faces.component.UISelectItems.getValue(UISelectItems.java:98)
		at org.primefaces.renderkit.SelectRenderer.getSelectItems(SelectRenderer.java:91)
		at org.primefaces.component.selectonemenu.SelectOneMenuRenderer.encodeMarkup(SelectOneMenuRenderer.java:113)
		at org.primefaces.component.selectonemenu.SelectOneMenuRenderer.encodeEnd(SelectOneMenuRenderer.java:106)
		at jakarta.faces.component.UIComponentBase.encodeEnd(UIComponentBase.java:587)
		at jakarta.faces.component.UIComponent.encodeAll(UIComponent.java:1460)
		at org.primefaces.component.panelgrid.PanelGridRenderer.encodeDynamicBody(PanelGridRenderer.java:165)
		at org.primefaces.component.panelgrid.PanelGridRenderer.encodeTableBody(PanelGridRenderer.java:127)
		at org.primefaces.component.panelgrid.PanelGridRenderer.encodeTableLayout(PanelGridRenderer.java:82)
		at org.primefaces.component.panelgrid.PanelGridRenderer.encodeEnd(PanelGridRenderer.java:53)
		at jakarta.faces.component.UIComponentBase.encodeEnd(UIComponentBase.java:587)
		at org.primefaces.renderkit.CoreRenderer.renderChild(CoreRenderer.java:85)
		at org.primefaces.renderkit.CoreRenderer.renderChildren(CoreRenderer.java:67)
		at org.primefaces.component.panel.PanelRenderer.encodeContent(PanelRenderer.java:219)
		at org.primefaces.component.panel.PanelRenderer.encodeMarkup(PanelRenderer.java:132)
		at org.primefaces.component.panel.PanelRenderer.encodeEnd(PanelRenderer.java:68)
		at jakarta.faces.component.UIComponentBase.encodeEnd(UIComponentBase.java:587)
		at jakarta.faces.component.UIComponent.encodeAll(UIComponent.java:1460)
		at jakarta.faces.render.Renderer.encodeChildren(Renderer.java:141)
		at jakarta.faces.component.UIComponentBase.encodeChildren(UIComponentBase.java:558)
		at jakarta.faces.component.UIComponent.encodeAll(UIComponent.java:1453)
		at jakarta.faces.component.UIComponent.encodeAll(UIComponent.java:1456)
		at jakarta.faces.component.UIComponent.encodeAll(UIComponent.java:1456)
		at com.sun.faces.application.view.FaceletViewHandlingStrategy.renderView(FaceletViewHandlingStrategy.java:451)
		at com.sun.faces.application.view.MultiViewHandler.renderView(MultiViewHandler.java:164)
		at jakarta.faces.application.ViewHandlerWrapper.renderView(ViewHandlerWrapper.java:125)
		at com.sun.faces.lifecycle.RenderResponsePhase.execute(RenderResponsePhase.java:93)
		at com.sun.faces.lifecycle.Phase.doPhase(Phase.java:72)
		at com.sun.faces.lifecycle.LifecycleImpl.render(LifecycleImpl.java:178)
		at jakarta.faces.webapp.FacesServlet.executeLifecyle(FacesServlet.java:682)
		at jakarta.faces.webapp.FacesServlet.service(FacesServlet.java:437)
		at org.apache.catalina.core.ApplicationFilterChain.internalDoFilter(ApplicationFilterChain.java:195)
		at org.apache.catalina.core.ApplicationFilterChain.doFilter(ApplicationFilterChain.java:140)
		at org.apache.tomcat.websocket.server.WsFilter.doFilter(WsFilter.java:51)
		at org.apache.catalina.core.ApplicationFilterChain.internalDoFilter(ApplicationFilterChain.java:164)
		at org.apache.catalina.core.ApplicationFilterChain.doFilter(ApplicationFilterChain.java:140)
		at org.apache.catalina.core.StandardWrapperValve.invoke(StandardWrapperValve.java:167)
		at org.apache.catalina.core.StandardContextValve.invoke(StandardContextValve.java:90)
		at org.apache.catalina.authenticator.AuthenticatorBase.invoke(AuthenticatorBase.java:483)
		at org.apache.catalina.core.StandardHostValve.invoke(StandardHostValve.java:115)
		at org.apache.catalina.valves.ErrorReportValve.invoke(ErrorReportValve.java:93)
		at org.apache.catalina.valves.AbstractAccessLogValve.invoke(AbstractAccessLogValve.java:663)
		at org.apache.catalina.core.StandardEngineValve.invoke(StandardEngineValve.java:74)
		at org.apache.catalina.connector.CoyoteAdapter.service(CoyoteAdapter.java:344)
		at org.apache.coyote.http11.Http11Processor.service(Http11Processor.java:384)
		at org.apache.coyote.AbstractProcessorLight.process(AbstractProcessorLight.java:63)
		at org.apache.coyote.AbstractProtocol$ConnectionHandler.process(AbstractProtocol.java:905)
		at org.apache.tomcat.util.net.NioEndpoint$SocketProcessor.doRun(NioEndpoint.java:1741)
		at org.apache.tomcat.util.net.SocketProcessorBase.run(SocketProcessorBase.java:52)
		at org.apache.tomcat.util.threads.ThreadPoolExecutor.runWorker(ThreadPoolExecutor.java:1190)
		at org.apache.tomcat.util.threads.ThreadPoolExecutor$Worker.run(ThreadPoolExecutor.java:659)
		at org.apache.tomcat.util.threads.TaskThread$WrappingRunnable.run(TaskThread.java:63)
		at java.base/java.lang.Thread.run(Thread.java:834)
30-Nov-2024 19:28:31.624 SEVERE [http-nio-9844-exec-2] org.apache.catalina.core.StandardWrapperValve.invoke Servlet.service() for servlet [FacesServlet] in context with path [/demo] threw exception [Property [selectedGoodGuy] not found on type [Beans.frontEnd.SearchBean]] with root cause
	jakarta.el.PropertyNotFoundException: Property [selectedGoodGuy] not found on type [Beans.frontEnd.SearchBean]
		at jakarta.el.BeanELResolver$BeanProperties.get(BeanELResolver.java:261)
		at jakarta.el.BeanELResolver.property(BeanELResolver.java:330)
		at jakarta.el.BeanELResolver.getValue(BeanELResolver.java:99)
		at com.sun.faces.el.DemuxCompositeELResolver._getValue(DemuxCompositeELResolver.java:139)
		at com.sun.faces.el.DemuxCompositeELResolver.getValue(DemuxCompositeELResolver.java:164)
		at org.apache.el.parser.AstValue.getValue(AstValue.java:161)
		at org.apache.el.ValueExpressionImpl.getValue(ValueExpressionImpl.java:152)
		at org.jboss.weld.module.web.el.WeldValueExpression.getValue(WeldValueExpression.java:50)
		at com.sun.faces.facelets.el.ELText$ELTextVariable.toString(ELText.java:201)
		at com.sun.faces.facelets.el.ELText$ELTextComposite.toString(ELText.java:130)
		at com.sun.faces.facelets.compiler.CommentInstruction.write(CommentInstruction.java:37)
		at com.sun.faces.facelets.compiler.UIInstructions.encodeBegin(UIInstructions.java:42)
		at com.sun.faces.facelets.compiler.UILeaf.encodeAll(UILeaf.java:170)
		at jakarta.faces.render.Renderer.encodeChildren(Renderer.java:141)
		at jakarta.faces.component.UIComponentBase.encodeChildren(UIComponentBase.java:558)
		at jakarta.faces.component.UIComponent.encodeAll(UIComponent.java:1453)
		at jakarta.faces.component.UIComponent.encodeAll(UIComponent.java:1456)
		at jakarta.faces.component.UIComponent.encodeAll(UIComponent.java:1456)
		at com.sun.faces.application.view.FaceletViewHandlingStrategy.renderView(FaceletViewHandlingStrategy.java:451)
		at com.sun.faces.application.view.MultiViewHandler.renderView(MultiViewHandler.java:164)
		at jakarta.faces.application.ViewHandlerWrapper.renderView(ViewHandlerWrapper.java:125)
		at com.sun.faces.lifecycle.RenderResponsePhase.execute(RenderResponsePhase.java:93)
		at com.sun.faces.lifecycle.Phase.doPhase(Phase.java:72)
		at com.sun.faces.lifecycle.LifecycleImpl.render(LifecycleImpl.java:178)
		at jakarta.faces.webapp.FacesServlet.executeLifecyle(FacesServlet.java:682)
		at jakarta.faces.webapp.FacesServlet.service(FacesServlet.java:437)
		at org.apache.catalina.core.ApplicationFilterChain.internalDoFilter(ApplicationFilterChain.java:195)
		at org.apache.catalina.core.ApplicationFilterChain.doFilter(ApplicationFilterChain.java:140)
		at org.apache.tomcat.websocket.server.WsFilter.doFilter(WsFilter.java:51)
		at org.apache.catalina.core.ApplicationFilterChain.internalDoFilter(ApplicationFilterChain.java:164)
		at org.apache.catalina.core.ApplicationFilterChain.doFilter(ApplicationFilterChain.java:140)
		at org.apache.catalina.core.StandardWrapperValve.invoke(StandardWrapperValve.java:167)
		at org.apache.catalina.core.StandardContextValve.invoke(StandardContextValve.java:90)
		at org.apache.catalina.authenticator.AuthenticatorBase.invoke(AuthenticatorBase.java:483)
		at org.apache.catalina.core.StandardHostValve.invoke(StandardHostValve.java:115)
		at org.apache.catalina.valves.ErrorReportValve.invoke(ErrorReportValve.java:93)
		at org.apache.catalina.valves.AbstractAccessLogValve.invoke(AbstractAccessLogValve.java:663)
		at org.apache.catalina.core.StandardEngineValve.invoke(StandardEngineValve.java:74)
		at org.apache.catalina.connector.CoyoteAdapter.service(CoyoteAdapter.java:344)
		at org.apache.coyote.http11.Http11Processor.service(Http11Processor.java:384)
		at org.apache.coyote.AbstractProcessorLight.process(AbstractProcessorLight.java:63)
		at org.apache.coyote.AbstractProtocol$ConnectionHandler.process(AbstractProtocol.java:905)
		at org.apache.tomcat.util.net.NioEndpoint$SocketProcessor.doRun(NioEndpoint.java:1741)
		at org.apache.tomcat.util.net.SocketProcessorBase.run(SocketProcessorBase.java:52)
		at org.apache.tomcat.util.threads.ThreadPoolExecutor.runWorker(ThreadPoolExecutor.java:1190)
		at org.apache.tomcat.util.threads.ThreadPoolExecutor$Worker.run(ThreadPoolExecutor.java:659)
		at org.apache.tomcat.util.threads.TaskThread$WrappingRunnable.run(TaskThread.java:63)
		at java.base/java.lang.Thread.run(Thread.java:834)
30-Nov-2024 19:28:36.403 SEVERE [http-nio-9844-exec-4] org.apache.catalina.core.StandardWrapperValve.invoke Servlet.service() for servlet [FacesServlet] in context with path [/demo] threw exception [Property [selectedGoodGuy] not found on type [Beans.frontEnd.SearchBean]] with root cause
	jakarta.el.PropertyNotFoundException: Property [selectedGoodGuy] not found on type [Beans.frontEnd.SearchBean]
		at jakarta.el.BeanELResolver$BeanProperties.get(BeanELResolver.java:261)
		at jakarta.el.BeanELResolver.property(BeanELResolver.java:330)
		at jakarta.el.BeanELResolver.getValue(BeanELResolver.java:99)
		at com.sun.faces.el.DemuxCompositeELResolver._getValue(DemuxCompositeELResolver.java:139)
		at com.sun.faces.el.DemuxCompositeELResolver.getValue(DemuxCompositeELResolver.java:164)
		at org.apache.el.parser.AstValue.getValue(AstValue.java:161)
		at org.apache.el.ValueExpressionImpl.getValue(ValueExpressionImpl.java:152)
		at org.jboss.weld.module.web.el.WeldValueExpression.getValue(WeldValueExpression.java:50)
		at com.sun.faces.facelets.el.ELText$ELTextVariable.toString(ELText.java:201)
		at com.sun.faces.facelets.el.ELText$ELTextComposite.toString(ELText.java:130)
		at com.sun.faces.facelets.compiler.CommentInstruction.write(CommentInstruction.java:37)
		at com.sun.faces.facelets.compiler.UIInstructions.encodeBegin(UIInstructions.java:42)
		at com.sun.faces.facelets.compiler.UILeaf.encodeAll(UILeaf.java:170)
		at jakarta.faces.render.Renderer.encodeChildren(Renderer.java:141)
		at jakarta.faces.component.UIComponentBase.encodeChildren(UIComponentBase.java:558)
		at jakarta.faces.component.UIComponent.encodeAll(UIComponent.java:1453)
		at jakarta.faces.component.UIComponent.encodeAll(UIComponent.java:1456)
		at jakarta.faces.component.UIComponent.encodeAll(UIComponent.java:1456)
		at com.sun.faces.application.view.FaceletViewHandlingStrategy.renderView(FaceletViewHandlingStrategy.java:451)
		at com.sun.faces.application.view.MultiViewHandler.renderView(MultiViewHandler.java:164)
		at jakarta.faces.application.ViewHandlerWrapper.renderView(ViewHandlerWrapper.java:125)
		at com.sun.faces.lifecycle.RenderResponsePhase.execute(RenderResponsePhase.java:93)
		at com.sun.faces.lifecycle.Phase.doPhase(Phase.java:72)
		at com.sun.faces.lifecycle.LifecycleImpl.render(LifecycleImpl.java:178)
		at jakarta.faces.webapp.FacesServlet.executeLifecyle(FacesServlet.java:682)
		at jakarta.faces.webapp.FacesServlet.service(FacesServlet.java:437)
		at org.apache.catalina.core.ApplicationFilterChain.internalDoFilter(ApplicationFilterChain.java:195)
		at org.apache.catalina.core.ApplicationFilterChain.doFilter(ApplicationFilterChain.java:140)
		at org.apache.tomcat.websocket.server.WsFilter.doFilter(WsFilter.java:51)
		at org.apache.catalina.core.ApplicationFilterChain.internalDoFilter(ApplicationFilterChain.java:164)
		at org.apache.catalina.core.ApplicationFilterChain.doFilter(ApplicationFilterChain.java:140)
		at org.apache.catalina.core.StandardWrapperValve.invoke(StandardWrapperValve.java:167)
		at org.apache.catalina.core.StandardContextValve.invoke(StandardContextValve.java:90)
		at org.apache.catalina.authenticator.AuthenticatorBase.invoke(AuthenticatorBase.java:483)
		at org.apache.catalina.core.StandardHostValve.invoke(StandardHostValve.java:115)
		at org.apache.catalina.valves.ErrorReportValve.invoke(ErrorReportValve.java:93)
		at org.apache.catalina.valves.AbstractAccessLogValve.invoke(AbstractAccessLogValve.java:663)
		at org.apache.catalina.core.StandardEngineValve.invoke(StandardEngineValve.java:74)
		at org.apache.catalina.connector.CoyoteAdapter.service(CoyoteAdapter.java:344)
		at org.apache.coyote.http11.Http11Processor.service(Http11Processor.java:384)
		at org.apache.coyote.AbstractProcessorLight.process(AbstractProcessorLight.java:63)
		at org.apache.coyote.AbstractProtocol$ConnectionHandler.process(AbstractProtocol.java:905)
		at org.apache.tomcat.util.net.NioEndpoint$SocketProcessor.doRun(NioEndpoint.java:1741)
		at org.apache.tomcat.util.net.SocketProcessorBase.run(SocketProcessorBase.java:52)
		at org.apache.tomcat.util.threads.ThreadPoolExecutor.runWorker(ThreadPoolExecutor.java:1190)
		at org.apache.tomcat.util.threads.ThreadPoolExecutor$Worker.run(ThreadPoolExecutor.java:659)
		at org.apache.tomcat.util.threads.TaskThread$WrappingRunnable.run(TaskThread.java:63)
		at java.base/java.lang.Thread.run(Thread.java:834)
30-Nov-2024 19:33:04.402 SEVERE [http-nio-9844-exec-4] org.apache.catalina.core.StandardWrapperValve.invoke Servlet.service() for servlet [FacesServlet] in context with path [/demo] threw exception [jakarta.ws.rs.ProcessingException: RESTEASY003145: Unable to find a MessageBodyReader of content-type application/json and type interface java.util.List] with root cause
	jakarta.ws.rs.ProcessingException: RESTEASY003145: Unable to find a MessageBodyReader of content-type application/json and type interface java.util.List
		at org.jboss.resteasy.core.interception.jaxrs.ClientReaderInterceptorContext.throwReaderNotFound(ClientReaderInterceptorContext.java:46)
		at org.jboss.resteasy.core.interception.jaxrs.AbstractReaderInterceptorContext.getReader(AbstractReaderInterceptorContext.java:129)
		at org.jboss.resteasy.core.interception.jaxrs.AbstractReaderInterceptorContext.proceed(AbstractReaderInterceptorContext.java:76)
		at org.jboss.resteasy.client.jaxrs.internal.ClientResponse.readFrom(ClientResponse.java:192)
		at org.jboss.resteasy.specimpl.BuiltResponse.readEntity(BuiltResponse.java:75)
		at org.jboss.resteasy.specimpl.AbstractBuiltResponse.readEntity(AbstractBuiltResponse.java:227)
		at org.jboss.resteasy.client.jaxrs.internal.ClientInvocation.extractResult(ClientInvocation.java:164)
		at org.jboss.resteasy.client.jaxrs.internal.proxy.extractors.BodyEntityExtractor.extractEntity(BodyEntityExtractor.java:59)
		at org.jboss.resteasy.client.jaxrs.internal.proxy.ClientInvoker.invokeSync(ClientInvoker.java:136)
		at org.jboss.resteasy.client.jaxrs.internal.proxy.ClientInvoker.invoke(ClientInvoker.java:103)
		at org.jboss.resteasy.client.jaxrs.internal.proxy.ClientProxy.invoke(ClientProxy.java:61)
		at com.sun.proxy.$Proxy67.getGoodGuys(Unknown Source)
		at java.base/jdk.internal.reflect.NativeMethodAccessorImpl.invoke0(Native Method)
		at java.base/jdk.internal.reflect.NativeMethodAccessorImpl.invoke(NativeMethodAccessorImpl.java:62)
		at java.base/jdk.internal.reflect.DelegatingMethodAccessorImpl.invoke(DelegatingMethodAccessorImpl.java:43)
		at java.base/java.lang.reflect.Method.invoke(Method.java:566)
		at org.jboss.resteasy.microprofile.client.ProxyInvocationHandler.invoke(ProxyInvocationHandler.java:140)
		at com.sun.proxy.$Proxy68.getGoodGuys(Unknown Source)
		at Beans.frontEnd.SearchBean.getGoodGuys(SearchBean.java:43)
		at java.base/jdk.internal.reflect.NativeMethodAccessorImpl.invoke0(Native Method)
		at java.base/jdk.internal.reflect.NativeMethodAccessorImpl.invoke(NativeMethodAccessorImpl.java:62)
		at java.base/jdk.internal.reflect.DelegatingMethodAccessorImpl.invoke(DelegatingMethodAccessorImpl.java:43)
		at java.base/java.lang.reflect.Method.invoke(Method.java:566)
		at org.apache.el.parser.AstValue.invoke(AstValue.java:239)
		at org.apache.el.MethodExpressionImpl.invoke(MethodExpressionImpl.java:230)
		at org.jboss.weld.module.web.util.el.ForwardingMethodExpression.invoke(ForwardingMethodExpression.java:40)
		at org.jboss.weld.module.web.el.WeldMethodExpression.invoke(WeldMethodExpression.java:50)
		at com.sun.faces.facelets.el.TagMethodExpression.invoke(TagMethodExpression.java:70)
		at com.sun.faces.application.MethodBindingMethodExpressionAdapter.invoke(MethodBindingMethodExpressionAdapter.java:67)
		at com.sun.faces.application.ActionListenerImpl.getNavigationOutcome(ActionListenerImpl.java:75)
		at com.sun.faces.application.ActionListenerImpl.processAction(ActionListenerImpl.java:64)
		at jakarta.faces.component.UICommand.broadcast(UICommand.java:213)
		at jakarta.faces.component.UIViewRoot.broadcastEvents(UIViewRoot.java:852)
		at jakarta.faces.component.UIViewRoot.processApplication(UIViewRoot.java:1329)
		at com.sun.faces.lifecycle.InvokeApplicationPhase.execute(InvokeApplicationPhase.java:56)
		at com.sun.faces.lifecycle.Phase.doPhase(Phase.java:72)
		at com.sun.faces.lifecycle.LifecycleImpl.execute(LifecycleImpl.java:159)
		at jakarta.faces.webapp.FacesServlet.executeLifecyle(FacesServlet.java:681)
		at jakarta.faces.webapp.FacesServlet.service(FacesServlet.java:437)
		at org.apache.catalina.core.ApplicationFilterChain.internalDoFilter(ApplicationFilterChain.java:195)
		at org.apache.catalina.core.ApplicationFilterChain.doFilter(ApplicationFilterChain.java:140)
		at org.apache.tomcat.websocket.server.WsFilter.doFilter(WsFilter.java:51)
		at org.apache.catalina.core.ApplicationFilterChain.internalDoFilter(ApplicationFilterChain.java:164)
		at org.apache.catalina.core.ApplicationFilterChain.doFilter(ApplicationFilterChain.java:140)
		at org.apache.catalina.core.StandardWrapperValve.invoke(StandardWrapperValve.java:167)
		at org.apache.catalina.core.StandardContextValve.invoke(StandardContextValve.java:90)
		at org.apache.catalina.authenticator.AuthenticatorBase.invoke(AuthenticatorBase.java:483)
		at org.apache.catalina.core.StandardHostValve.invoke(StandardHostValve.java:115)
		at org.apache.catalina.valves.ErrorReportValve.invoke(ErrorReportValve.java:93)
		at org.apache.catalina.valves.AbstractAccessLogValve.invoke(AbstractAccessLogValve.java:663)
		at org.apache.catalina.core.StandardEngineValve.invoke(StandardEngineValve.java:74)
		at org.apache.catalina.connector.CoyoteAdapter.service(CoyoteAdapter.java:344)
		at org.apache.coyote.http11.Http11Processor.service(Http11Processor.java:384)
		at org.apache.coyote.AbstractProcessorLight.process(AbstractProcessorLight.java:63)
		at org.apache.coyote.AbstractProtocol$ConnectionHandler.process(AbstractProtocol.java:905)
		at org.apache.tomcat.util.net.NioEndpoint$SocketProcessor.doRun(NioEndpoint.java:1741)
		at org.apache.tomcat.util.net.SocketProcessorBase.run(SocketProcessorBase.java:52)
		at org.apache.tomcat.util.threads.ThreadPoolExecutor.runWorker(ThreadPoolExecutor.java:1190)
		at org.apache.tomcat.util.threads.ThreadPoolExecutor$Worker.run(ThreadPoolExecutor.java:659)
		at org.apache.tomcat.util.threads.TaskThread$WrappingRunnable.run(TaskThread.java:63)
		at java.base/java.lang.Thread.run(Thread.java:834)
30-Nov-2024 19:50:49.771 SEVERE [http-nio-9844-exec-4] org.apache.catalina.core.StandardWrapperValve.invoke Servlet.service() for servlet [FacesServlet] in context with path [/demo] threw exception [jakarta.el.MethodNotFoundException: /templates/index3.xhtml @78,184 action="#{searchBean.getGoodGuys}": Method not found: Beans.frontEnd.SearchBean@3106f20.getGoodGuys()] with root cause
	jakarta.el.MethodNotFoundException: /templates/index3.xhtml @78,184 action="#{searchBean.getGoodGuys}": Method not found: Beans.frontEnd.SearchBean@3106f20.getGoodGuys()
		at com.sun.faces.facelets.el.TagMethodExpression.invoke(TagMethodExpression.java:74)
		at com.sun.faces.application.MethodBindingMethodExpressionAdapter.invoke(MethodBindingMethodExpressionAdapter.java:67)
		at com.sun.faces.application.ActionListenerImpl.getNavigationOutcome(ActionListenerImpl.java:75)
		at com.sun.faces.application.ActionListenerImpl.processAction(ActionListenerImpl.java:64)
		at jakarta.faces.component.UICommand.broadcast(UICommand.java:213)
		at jakarta.faces.component.UIViewRoot.broadcastEvents(UIViewRoot.java:852)
		at jakarta.faces.component.UIViewRoot.processApplication(UIViewRoot.java:1329)
		at com.sun.faces.lifecycle.InvokeApplicationPhase.execute(InvokeApplicationPhase.java:56)
		at com.sun.faces.lifecycle.Phase.doPhase(Phase.java:72)
		at com.sun.faces.lifecycle.LifecycleImpl.execute(LifecycleImpl.java:159)
		at jakarta.faces.webapp.FacesServlet.executeLifecyle(FacesServlet.java:681)
		at jakarta.faces.webapp.FacesServlet.service(FacesServlet.java:437)
		at org.apache.catalina.core.ApplicationFilterChain.internalDoFilter(ApplicationFilterChain.java:195)
		at org.apache.catalina.core.ApplicationFilterChain.doFilter(ApplicationFilterChain.java:140)
		at org.apache.tomcat.websocket.server.WsFilter.doFilter(WsFilter.java:51)
		at org.apache.catalina.core.ApplicationFilterChain.internalDoFilter(ApplicationFilterChain.java:164)
		at org.apache.catalina.core.ApplicationFilterChain.doFilter(ApplicationFilterChain.java:140)
		at org.apache.catalina.core.StandardWrapperValve.invoke(StandardWrapperValve.java:167)
		at org.apache.catalina.core.StandardContextValve.invoke(StandardContextValve.java:90)
		at org.apache.catalina.authenticator.AuthenticatorBase.invoke(AuthenticatorBase.java:483)
		at org.apache.catalina.core.StandardHostValve.invoke(StandardHostValve.java:115)
		at org.apache.catalina.valves.ErrorReportValve.invoke(ErrorReportValve.java:93)
		at org.apache.catalina.valves.AbstractAccessLogValve.invoke(AbstractAccessLogValve.java:663)
		at org.apache.catalina.core.StandardEngineValve.invoke(StandardEngineValve.java:74)
		at org.apache.catalina.connector.CoyoteAdapter.service(CoyoteAdapter.java:344)
		at org.apache.coyote.http11.Http11Processor.service(Http11Processor.java:384)
		at org.apache.coyote.AbstractProcessorLight.process(AbstractProcessorLight.java:63)
		at org.apache.coyote.AbstractProtocol$ConnectionHandler.process(AbstractProtocol.java:905)
		at org.apache.tomcat.util.net.NioEndpoint$SocketProcessor.doRun(NioEndpoint.java:1741)
		at org.apache.tomcat.util.net.SocketProcessorBase.run(SocketProcessorBase.java:52)
		at org.apache.tomcat.util.threads.ThreadPoolExecutor.runWorker(ThreadPoolExecutor.java:1190)
		at org.apache.tomcat.util.threads.ThreadPoolExecutor$Worker.run(ThreadPoolExecutor.java:659)
		at org.apache.tomcat.util.threads.TaskThread$WrappingRunnable.run(TaskThread.java:63)
		at java.base/java.lang.Thread.run(Thread.java:834)
